2026-05-22 00:22:43.758 +07:00 [INF] User profile is available. Using 'C:\Users\user\AppData\Local\ASP.NET\DataProtection-Keys' as key repository and Windows DPAPI to encrypt keys at rest.
2026-05-22 00:22:43.848 +07:00 [ERR] Hosting failed to start
System.IO.IOException: Failed to bind to address http://127.0.0.1:5174: address already in use.
 ---> Microsoft.AspNetCore.Connections.AddressInUseException: Only one usage of each socket address (protocol/network address/port) is normally permitted.
 ---> System.Net.Sockets.SocketException (10048): Only one usage of each socket address (protocol/network address/port) is normally permitted.
   at System.Net.Sockets.Socket.UpdateStatusAfterSocketErrorAndThrowException(SocketError error, Boolean disconnectOnFailure, String callerName)
   at System.Net.Sockets.Socket.DoBind(EndPoint endPointSnapshot, SocketAddress socketAddress)
   at System.Net.Sockets.Socket.Bind(EndPoint localEP)
   at Microsoft.AspNetCore.Server.Kestrel.Transport.Sockets.SocketTransportOptions.CreateDefaultBoundListenSocket(EndPoint endpoint)
   at Microsoft.AspNetCore.Server.Kestrel.Transport.Sockets.SocketConnectionListener.Bind()
   --- End of inner exception stack trace ---
   at Microsoft.AspNetCore.Server.Kestrel.Transport.Sockets.SocketConnectionListener.Bind()
   at Microsoft.AspNetCore.Server.Kestrel.Transport.Sockets.SocketTransportFactory.BindAsync(EndPoint endpoint, CancellationToken cancellationToken)
   at Microsoft.AspNetCore.Server.Kestrel.Core.Internal.Infrastructure.TransportManager.BindAsync(EndPoint endPoint, ConnectionDelegate connectionDelegate, EndpointConfig endpointConfig, CancellationToken cancellationToken)
   at Microsoft.AspNetCore.Server.Kestrel.Core.KestrelServerImpl.<>c__DisplayClass28_0`1.<<StartAsync>g__OnBind|0>d.MoveNext()
--- End of stack trace from previous location ---
   at Microsoft.AspNetCore.Server.Kestrel.Core.Internal.AddressBinder.BindEndpointAsync(ListenOptions endpoint, AddressBindContext context, CancellationToken cancellationToken)
   --- End of inner exception stack trace ---
   at Microsoft.AspNetCore.Server.Kestrel.Core.Internal.AddressBinder.BindEndpointAsync(ListenOptions endpoint, AddressBindContext context, CancellationToken cancellationToken)
   at Microsoft.AspNetCore.Server.Kestrel.Core.LocalhostListenOptions.BindAsync(AddressBindContext context, CancellationToken cancellationToken)
   at Microsoft.AspNetCore.Server.Kestrel.Core.Internal.AddressBinder.AddressesStrategy.BindAsync(AddressBindContext context, CancellationToken cancellationToken)
   at Microsoft.AspNetCore.Server.Kestrel.Core.Internal.AddressBinder.BindAsync(ListenOptions[] listenOptions, AddressBindContext context, Func`2 useHttps, CancellationToken cancellationToken)
   at Microsoft.AspNetCore.Server.Kestrel.Core.KestrelServerImpl.BindAsync(CancellationToken cancellationToken)
   at Microsoft.AspNetCore.Server.Kestrel.Core.KestrelServerImpl.StartAsync[TContext](IHttpApplication`1 application, CancellationToken cancellationToken)
   at Microsoft.AspNetCore.Hosting.GenericWebHostService.StartAsync(CancellationToken cancellationToken)
   at Microsoft.Extensions.Hosting.Internal.Host.<StartAsync>b__15_1(IHostedService service, CancellationToken token)
   at Microsoft.Extensions.Hosting.Internal.Host.ForeachService[T](IEnumerable`1 services, CancellationToken token, Boolean concurrent, Boolean abortOnFirstException, List`1 exceptions, Func`3 operation)
2026-05-22 00:24:36.976 +07:00 [INF] User profile is available. Using 'C:\Users\user\AppData\Local\ASP.NET\DataProtection-Keys' as key repository and Windows DPAPI to encrypt keys at rest.
2026-05-22 00:24:37.051 +07:00 [INF] Now listening on: http://localhost:5174
2026-05-22 00:24:37.053 +07:00 [INF] Application started. Press Ctrl+C to shut down.
2026-05-22 00:24:37.054 +07:00 [INF] Hosting environment: Development
2026-05-22 00:24:37.055 +07:00 [INF] Content root path: C:\Users\user\OneDrive\Documents\testttt\BelajarNet\dotNet\TokoApi
2026-05-22 00:24:43.697 +07:00 [INF] Request starting HTTP/1.1 OPTIONS http://localhost:5174/api/kategori - null null
2026-05-22 00:24:43.697 +07:00 [INF] Request starting HTTP/1.1 OPTIONS http://localhost:5174/api/produk?pageNumber=1&pageSize=100 - null null
2026-05-22 00:24:43.697 +07:00 [INF] Request starting HTTP/1.1 OPTIONS http://localhost:5174/api/transaksi/kasbon - null null
2026-05-22 00:24:43.743 +07:00 [INF] CORS policy execution successful.
2026-05-22 00:24:43.743 +07:00 [INF] CORS policy execution successful.
2026-05-22 00:24:43.743 +07:00 [INF] CORS policy execution successful.
2026-05-22 00:24:43.752 +07:00 [INF] Request finished HTTP/1.1 OPTIONS http://localhost:5174/api/transaksi/kasbon - 204 null null 56.5014ms
2026-05-22 00:24:43.752 +07:00 [INF] Request finished HTTP/1.1 OPTIONS http://localhost:5174/api/produk?pageNumber=1&pageSize=100 - 204 null null 56.5116ms
2026-05-22 00:24:43.752 +07:00 [INF] Request finished HTTP/1.1 OPTIONS http://localhost:5174/api/kategori - 204 null null 56.5148ms
2026-05-22 00:24:43.759 +07:00 [INF] Request starting HTTP/1.1 GET http://localhost:5174/api/kategori - null null
2026-05-22 00:24:43.760 +07:00 [INF] Request starting HTTP/1.1 GET http://localhost:5174/api/produk?pageNumber=1&pageSize=100 - null null
2026-05-22 00:24:43.763 +07:00 [INF] Request starting HTTP/1.1 GET http://localhost:5174/api/transaksi/kasbon - null null
2026-05-22 00:24:43.772 +07:00 [INF] CORS policy execution successful.
2026-05-22 00:24:43.772 +07:00 [INF] CORS policy execution successful.
2026-05-22 00:24:43.772 +07:00 [INF] CORS policy execution successful.
2026-05-22 00:24:43.879 +07:00 [INF] Executing endpoint 'TokoApi.Controllers.ProdukController.GetAll (TokoApi)'
2026-05-22 00:24:43.879 +07:00 [INF] Executing endpoint 'TokoApi.Controllers.KategoriController.GetAll (TokoApi)'
2026-05-22 00:24:43.881 +07:00 [INF] Executing endpoint 'TokoApi.Controllers.TransaksiController.GetKasbon (TokoApi)'
2026-05-22 00:24:43.905 +07:00 [INF] Route matched with {action = "GetKasbon", controller = "Transaksi"}. Executing controller action with signature System.Threading.Tasks.Task`1[Microsoft.AspNetCore.Mvc.IActionResult] GetKasbon() on controller TokoApi.Controllers.TransaksiController (TokoApi).
2026-05-22 00:24:43.905 +07:00 [INF] Route matched with {action = "GetAll", controller = "Kategori"}. Executing controller action with signature System.Threading.Tasks.Task`1[Microsoft.AspNetCore.Mvc.IActionResult] GetAll() on controller TokoApi.Controllers.KategoriController (TokoApi).
2026-05-22 00:24:43.909 +07:00 [INF] Route matched with {action = "GetAll", controller = "Produk"}. Executing controller action with signature System.Threading.Tasks.Task`1[Microsoft.AspNetCore.Mvc.IActionResult] GetAll(TokoApi.Helpers.ProdukQuery) on controller TokoApi.Controllers.ProdukController (TokoApi).
2026-05-22 00:24:44.085 +07:00 [WRN] You do not have a valid license key for the Lucky Penny software AutoMapper. This is allowed for development and testing scenarios. If you are running in production you are required to have a licensed version. Please visit https://luckypennysoftware.com to obtain a valid license.
2026-05-22 00:24:44.687 +07:00 [INF] Executed DbCommand (23ms) [Parameters=[], CommandType='"Text"', CommandTimeout='30']
SELECT `d`.`Id`, `d`.`NamaKategori`, `d0`.`Id`, `d0`.`ExpiryDate`, `d0`.`Harga`, `d0`.`IsHalal`, `d0`.`KategoriId`, `d0`.`Nama`, `d0`.`Stok`
FROM `DaftarKategori` AS `d`
LEFT JOIN `DaftarProduk` AS `d0` ON `d`.`Id` = `d0`.`KategoriId`
ORDER BY `d`.`Id`
2026-05-22 00:24:44.687 +07:00 [INF] Executed DbCommand (23ms) [Parameters=[], CommandType='"Text"', CommandTimeout='30']
SELECT `d`.`Id`, `d`.`JumlahDibayar`, `d`.`Pembeli`, `d`.`StatusPembayaran`, `d`.`TanggalTransaksi`, `d`.`TotalHarga`, `t`.`Id`, `t`.`HargaSatuan`, `t`.`JumlahBeli`, `t`.`ProdukId`, `t`.`SubTotal`, `t`.`TransaksiId`, `t`.`Id0`, `t`.`ExpiryDate`, `t`.`Harga`, `t`.`IsHalal`, `t`.`KategoriId`, `t`.`Nama`, `t`.`Stok`
FROM `DaftarTransaksi` AS `d`
LEFT JOIN (
    SELECT `d0`.`Id`, `d0`.`HargaSatuan`, `d0`.`JumlahBeli`, `d0`.`ProdukId`, `d0`.`SubTotal`, `d0`.`TransaksiId`, `d1`.`Id` AS `Id0`, `d1`.`ExpiryDate`, `d1`.`Harga`, `d1`.`IsHalal`, `d1`.`KategoriId`, `d1`.`Nama`, `d1`.`Stok`
    FROM `DaftarDetailTransaksi` AS `d0`
    INNER JOIN `DaftarProduk` AS `d1` ON `d0`.`ProdukId` = `d1`.`Id`
) AS `t` ON `d`.`Id` = `t`.`TransaksiId`
WHERE `d`.`StatusPembayaran` <> 'Lunas'
ORDER BY `d`.`TanggalTransaksi` DESC, `d`.`Id`, `t`.`Id`
2026-05-22 00:24:44.694 +07:00 [INF] Executed DbCommand (28ms) [Parameters=[@__p_1='?' (DbType = Int32), @__p_0='?' (DbType = Int32)], CommandType='"Text"', CommandTimeout='30']
SELECT `t`.`Id`, `t`.`ExpiryDate`, `t`.`Harga`, `t`.`IsHalal`, `t`.`KategoriId`, `t`.`Nama`, `t`.`Stok`, `d0`.`Id`, `d0`.`NamaKategori`
FROM (
    SELECT `d`.`Id`, `d`.`ExpiryDate`, `d`.`Harga`, `d`.`IsHalal`, `d`.`KategoriId`, `d`.`Nama`, `d`.`Stok`
    FROM `DaftarProduk` AS `d`
    ORDER BY `d`.`Nama`
    LIMIT @__p_1 OFFSET @__p_0
) AS `t`
INNER JOIN `DaftarKategori` AS `d0` ON `t`.`KategoriId` = `d0`.`Id`
ORDER BY `t`.`Nama`
2026-05-22 00:24:44.753 +07:00 [INF] Executing OkObjectResult, writing value of type 'System.Collections.Generic.List`1[[TokoApi.DTOs.KategoriResponse, TokoApi, Version=1.0.0.0, Culture=neutral, PublicKeyToken=null]]'.
2026-05-22 00:24:44.754 +07:00 [INF] Executing OkObjectResult, writing value of type 'System.Collections.Generic.List`1[[TokoApi.DTOs.TransaksiResponse, TokoApi, Version=1.0.0.0, Culture=neutral, PublicKeyToken=null]]'.
2026-05-22 00:24:44.771 +07:00 [INF] Executed DbCommand (0ms) [Parameters=[], CommandType='"Text"', CommandTimeout='30']
SELECT COUNT(*)
FROM `DaftarProduk` AS `d`
2026-05-22 00:24:44.775 +07:00 [INF] Executing OkObjectResult, writing value of type 'System.Collections.Generic.List`1[[TokoApi.DTOs.ProdukResponse, TokoApi, Version=1.0.0.0, Culture=neutral, PublicKeyToken=null]]'.
2026-05-22 00:24:44.775 +07:00 [INF] Executed action TokoApi.Controllers.KategoriController.GetAll (TokoApi) in 863.7515ms
2026-05-22 00:24:44.775 +07:00 [INF] Executed action TokoApi.Controllers.TransaksiController.GetKasbon (TokoApi) in 867.9292ms
2026-05-22 00:24:44.778 +07:00 [INF] Executed endpoint 'TokoApi.Controllers.KategoriController.GetAll (TokoApi)'
2026-05-22 00:24:44.779 +07:00 [INF] Executed endpoint 'TokoApi.Controllers.TransaksiController.GetKasbon (TokoApi)'
2026-05-22 00:24:44.782 +07:00 [INF] HTTP GET /api/transaksi/kasbon responded 200 in 1004.7798 ms
2026-05-22 00:24:44.782 +07:00 [INF] HTTP GET /api/kategori responded 200 in 1005.8584 ms
2026-05-22 00:24:44.788 +07:00 [INF] Executed action TokoApi.Controllers.ProdukController.GetAll (TokoApi) in 877.0465ms
2026-05-22 00:24:44.790 +07:00 [INF] Executed endpoint 'TokoApi.Controllers.ProdukController.GetAll (TokoApi)'
2026-05-22 00:24:44.791 +07:00 [INF] HTTP GET /api/produk responded 200 in 1016.6284 ms
2026-05-22 00:24:44.793 +07:00 [INF] Request finished HTTP/1.1 GET http://localhost:5174/api/transaksi/kasbon - 200 null application/json; charset=utf-8 1030.1525ms
2026-05-22 00:24:44.793 +07:00 [INF] Request finished HTTP/1.1 GET http://localhost:5174/api/kategori - 200 null application/json; charset=utf-8 1033.9351ms
2026-05-22 00:24:44.793 +07:00 [INF] Request finished HTTP/1.1 GET http://localhost:5174/api/produk?pageNumber=1&pageSize=100 - 200 null application/json; charset=utf-8 1033.68ms
2026-05-22 00:25:13.278 +07:00 [INF] Request starting HTTP/1.1 OPTIONS http://localhost:5174/api/transaksi/checkout - null null
2026-05-22 00:25:13.280 +07:00 [INF] CORS policy execution successful.
2026-05-22 00:25:13.281 +07:00 [INF] Request finished HTTP/1.1 OPTIONS http://localhost:5174/api/transaksi/checkout - 204 null null 2.3883ms
2026-05-22 00:25:13.283 +07:00 [INF] Request starting HTTP/1.1 POST http://localhost:5174/api/transaksi/checkout - application/json 86
2026-05-22 00:25:13.284 +07:00 [INF] CORS policy execution successful.
2026-05-22 00:25:13.289 +07:00 [INF] Executing endpoint 'TokoApi.Controllers.TransaksiController.Checkout (TokoApi)'
2026-05-22 00:25:13.294 +07:00 [INF] Route matched with {action = "Checkout", controller = "Transaksi"}. Executing controller action with signature System.Threading.Tasks.Task`1[Microsoft.AspNetCore.Mvc.IActionResult] Checkout(TokoApi.DTOs.CheckoutRequest) on controller TokoApi.Controllers.TransaksiController (TokoApi).
2026-05-22 00:25:13.359 +07:00 [INF] Executed DbCommand (1ms) [Parameters=[@__id_0='?' (DbType = Int32)], CommandType='"Text"', CommandTimeout='30']
SELECT `d`.`Id`, `d`.`ExpiryDate`, `d`.`Harga`, `d`.`IsHalal`, `d`.`KategoriId`, `d`.`Nama`, `d`.`Stok`, `d0`.`Id`, `d0`.`NamaKategori`
FROM `DaftarProduk` AS `d`
INNER JOIN `DaftarKategori` AS `d0` ON `d`.`KategoriId` = `d0`.`Id`
WHERE `d`.`Id` = @__id_0
LIMIT 1
2026-05-22 00:25:13.468 +07:00 [INF] Executed DbCommand (1ms) [Parameters=[@p0='?' (Size = 255), @p1='?' (DbType = Decimal), @p2='?' (DbType = DateTime), @p3='?' (Size = 50), @p10='?' (DbType = Int32), @p4='?' (DbType = DateTime), @p5='?' (DbType = Decimal), @p6='?' (DbType = Boolean), @p7='?' (DbType = Int32), @p8='?' (Size = 100), @p9='?' (DbType = Int32), @p11='?' (DbType = Decimal), @p12='?' (Size = 4000), @p13='?' (Size = 4000), @p14='?' (DbType = DateTime), @p15='?' (DbType = Decimal)], CommandType='"Text"', CommandTimeout='30']
INSERT INTO `DaftarKeuangan` (`Keterangan`, `Nominal`, `Tanggal`, `Tipe`)
VALUES (@p0, @p1, @p2, @p3);
SELECT `Id`
FROM `DaftarKeuangan`
WHERE ROW_COUNT() = 1 AND `Id` = LAST_INSERT_ID();

UPDATE `DaftarProduk` SET `ExpiryDate` = @p4, `Harga` = @p5, `IsHalal` = @p6, `KategoriId` = @p7, `Nama` = @p8, `Stok` = @p9
WHERE `Id` = @p10;
SELECT ROW_COUNT();

INSERT INTO `DaftarTransaksi` (`JumlahDibayar`, `Pembeli`, `StatusPembayaran`, `TanggalTransaksi`, `TotalHarga`)
VALUES (@p11, @p12, @p13, @p14, @p15);
SELECT `Id`
FROM `DaftarTransaksi`
WHERE ROW_COUNT() = 1 AND `Id` = LAST_INSERT_ID();
2026-05-22 00:25:13.483 +07:00 [INF] Executed DbCommand (1ms) [Parameters=[@p16='?' (DbType = Decimal), @p17='?' (DbType = Int32), @p18='?' (DbType = Int32), @p19='?' (DbType = Decimal), @p20='?' (DbType = Int32)], CommandType='"Text"', CommandTimeout='30']
INSERT INTO `DaftarDetailTransaksi` (`HargaSatuan`, `JumlahBeli`, `ProdukId`, `SubTotal`, `TransaksiId`)
VALUES (@p16, @p17, @p18, @p19, @p20);
SELECT `Id`
FROM `DaftarDetailTransaksi`
WHERE ROW_COUNT() = 1 AND `Id` = LAST_INSERT_ID();
2026-05-22 00:25:13.522 +07:00 [INF] Executed DbCommand (11ms) [Parameters=[@__id_0='?' (DbType = Int32)], CommandType='"Text"', CommandTimeout='30']
SELECT `t`.`Id`, `t`.`JumlahDibayar`, `t`.`Pembeli`, `t`.`StatusPembayaran`, `t`.`TanggalTransaksi`, `t`.`TotalHarga`, `t0`.`Id`, `t0`.`HargaSatuan`, `t0`.`JumlahBeli`, `t0`.`ProdukId`, `t0`.`SubTotal`, `t0`.`TransaksiId`, `t0`.`Id0`, `t0`.`ExpiryDate`, `t0`.`Harga`, `t0`.`IsHalal`, `t0`.`KategoriId`, `t0`.`Nama`, `t0`.`Stok`
FROM (
    SELECT `d`.`Id`, `d`.`JumlahDibayar`, `d`.`Pembeli`, `d`.`StatusPembayaran`, `d`.`TanggalTransaksi`, `d`.`TotalHarga`
    FROM `DaftarTransaksi` AS `d`
    WHERE `d`.`Id` = @__id_0
    LIMIT 1
) AS `t`
LEFT JOIN (
    SELECT `d0`.`Id`, `d0`.`HargaSatuan`, `d0`.`JumlahBeli`, `d0`.`ProdukId`, `d0`.`SubTotal`, `d0`.`TransaksiId`, `d1`.`Id` AS `Id0`, `d1`.`ExpiryDate`, `d1`.`Harga`, `d1`.`IsHalal`, `d1`.`KategoriId`, `d1`.`Nama`, `d1`.`Stok`
    FROM `DaftarDetailTransaksi` AS `d0`
    INNER JOIN `DaftarProduk` AS `d1` ON `d0`.`ProdukId` = `d1`.`Id`
) AS `t0` ON `t`.`Id` = `t0`.`TransaksiId`
ORDER BY `t`.`Id`, `t0`.`Id`
2026-05-22 00:25:13.529 +07:00 [INF] Executing OkObjectResult, writing value of type 'TokoApi.DTOs.TransaksiResponse'.
2026-05-22 00:25:13.530 +07:00 [INF] Executed action TokoApi.Controllers.TransaksiController.Checkout (TokoApi) in 234.5774ms
2026-05-22 00:25:13.531 +07:00 [INF] Executed endpoint 'TokoApi.Controllers.TransaksiController.Checkout (TokoApi)'
2026-05-22 00:25:13.532 +07:00 [INF] HTTP POST /api/transaksi/checkout responded 200 in 247.3499 ms
2026-05-22 00:25:13.534 +07:00 [INF] Request finished HTTP/1.1 POST http://localhost:5174/api/transaksi/checkout - 200 null application/json; charset=utf-8 250.5262ms
2026-05-22 00:25:13.537 +07:00 [INF] Request starting HTTP/1.1 OPTIONS http://localhost:5174/api/produk?pageNumber=1&pageSize=100 - null null
2026-05-22 00:25:13.539 +07:00 [INF] CORS policy execution successful.
2026-05-22 00:25:13.539 +07:00 [INF] Request finished HTTP/1.1 OPTIONS http://localhost:5174/api/produk?pageNumber=1&pageSize=100 - 204 null null 2.3259ms
2026-05-22 00:25:13.542 +07:00 [INF] Request starting HTTP/1.1 OPTIONS http://localhost:5174/api/transaksi/kasbon - null null
2026-05-22 00:25:13.544 +07:00 [INF] CORS policy execution successful.
2026-05-22 00:25:13.544 +07:00 [INF] Request starting HTTP/1.1 GET http://localhost:5174/api/produk?pageNumber=1&pageSize=100 - null null
2026-05-22 00:25:13.545 +07:00 [INF] Request finished HTTP/1.1 OPTIONS http://localhost:5174/api/transaksi/kasbon - 204 null null 2.9871ms
2026-05-22 00:25:13.547 +07:00 [INF] CORS policy execution successful.
2026-05-22 00:25:13.549 +07:00 [INF] Request starting HTTP/1.1 GET http://localhost:5174/api/transaksi/kasbon - null null
2026-05-22 00:25:13.550 +07:00 [INF] Executing endpoint 'TokoApi.Controllers.ProdukController.GetAll (TokoApi)'
2026-05-22 00:25:13.552 +07:00 [INF] CORS policy execution successful.
2026-05-22 00:25:13.553 +07:00 [INF] Route matched with {action = "GetAll", controller = "Produk"}. Executing controller action with signature System.Threading.Tasks.Task`1[Microsoft.AspNetCore.Mvc.IActionResult] GetAll(TokoApi.Helpers.ProdukQuery) on controller TokoApi.Controllers.ProdukController (TokoApi).
2026-05-22 00:25:13.556 +07:00 [INF] Executing endpoint 'TokoApi.Controllers.TransaksiController.GetKasbon (TokoApi)'
2026-05-22 00:25:13.557 +07:00 [INF] Route matched with {action = "GetKasbon", controller = "Transaksi"}. Executing controller action with signature System.Threading.Tasks.Task`1[Microsoft.AspNetCore.Mvc.IActionResult] GetKasbon() on controller TokoApi.Controllers.TransaksiController (TokoApi).
2026-05-22 00:25:13.573 +07:00 [INF] Executed DbCommand (12ms) [Parameters=[@__p_1='?' (DbType = Int32), @__p_0='?' (DbType = Int32)], CommandType='"Text"', CommandTimeout='30']
SELECT `t`.`Id`, `t`.`ExpiryDate`, `t`.`Harga`, `t`.`IsHalal`, `t`.`KategoriId`, `t`.`Nama`, `t`.`Stok`, `d0`.`Id`, `d0`.`NamaKategori`
FROM (
    SELECT `d`.`Id`, `d`.`ExpiryDate`, `d`.`Harga`, `d`.`IsHalal`, `d`.`KategoriId`, `d`.`Nama`, `d`.`Stok`
    FROM `DaftarProduk` AS `d`
    ORDER BY `d`.`Nama`
    LIMIT @__p_1 OFFSET @__p_0
) AS `t`
INNER JOIN `DaftarKategori` AS `d0` ON `t`.`KategoriId` = `d0`.`Id`
ORDER BY `t`.`Nama`
2026-05-22 00:25:13.578 +07:00 [INF] Executed DbCommand (0ms) [Parameters=[], CommandType='"Text"', CommandTimeout='30']
SELECT COUNT(*)
FROM `DaftarProduk` AS `d`
2026-05-22 00:25:13.579 +07:00 [INF] Executed DbCommand (15ms) [Parameters=[], CommandType='"Text"', CommandTimeout='30']
SELECT `d`.`Id`, `d`.`JumlahDibayar`, `d`.`Pembeli`, `d`.`StatusPembayaran`, `d`.`TanggalTransaksi`, `d`.`TotalHarga`, `t`.`Id`, `t`.`HargaSatuan`, `t`.`JumlahBeli`, `t`.`ProdukId`, `t`.`SubTotal`, `t`.`TransaksiId`, `t`.`Id0`, `t`.`ExpiryDate`, `t`.`Harga`, `t`.`IsHalal`, `t`.`KategoriId`, `t`.`Nama`, `t`.`Stok`
FROM `DaftarTransaksi` AS `d`
LEFT JOIN (
    SELECT `d0`.`Id`, `d0`.`HargaSatuan`, `d0`.`JumlahBeli`, `d0`.`ProdukId`, `d0`.`SubTotal`, `d0`.`TransaksiId`, `d1`.`Id` AS `Id0`, `d1`.`ExpiryDate`, `d1`.`Harga`, `d1`.`IsHalal`, `d1`.`KategoriId`, `d1`.`Nama`, `d1`.`Stok`
    FROM `DaftarDetailTransaksi` AS `d0`
    INNER JOIN `DaftarProduk` AS `d1` ON `d0`.`ProdukId` = `d1`.`Id`
) AS `t` ON `d`.`Id` = `t`.`TransaksiId`
WHERE `d`.`StatusPembayaran` <> 'Lunas'
ORDER BY `d`.`TanggalTransaksi` DESC, `d`.`Id`, `t`.`Id`
2026-05-22 00:25:13.580 +07:00 [INF] Executing OkObjectResult, writing value of type 'System.Collections.Generic.List`1[[TokoApi.DTOs.ProdukResponse, TokoApi, Version=1.0.0.0, Culture=neutral, PublicKeyToken=null]]'.
2026-05-22 00:25:13.583 +07:00 [INF] Executing OkObjectResult, writing value of type 'System.Collections.Generic.List`1[[TokoApi.DTOs.TransaksiResponse, TokoApi, Version=1.0.0.0, Culture=neutral, PublicKeyToken=null]]'.
2026-05-22 00:25:13.583 +07:00 [INF] Executed action TokoApi.Controllers.ProdukController.GetAll (TokoApi) in 27.6972ms
2026-05-22 00:25:13.585 +07:00 [INF] Executed action TokoApi.Controllers.TransaksiController.GetKasbon (TokoApi) in 26.1459ms
2026-05-22 00:25:13.586 +07:00 [INF] Executed endpoint 'TokoApi.Controllers.ProdukController.GetAll (TokoApi)'
2026-05-22 00:25:13.587 +07:00 [INF] Executed endpoint 'TokoApi.Controllers.TransaksiController.GetKasbon (TokoApi)'
2026-05-22 00:25:13.589 +07:00 [INF] HTTP GET /api/produk responded 200 in 38.7674 ms
2026-05-22 00:25:13.589 +07:00 [INF] HTTP GET /api/transaksi/kasbon responded 200 in 35.7766 ms
2026-05-22 00:25:13.591 +07:00 [INF] Request finished HTTP/1.1 GET http://localhost:5174/api/produk?pageNumber=1&pageSize=100 - 200 null application/json; charset=utf-8 46.6344ms
2026-05-22 00:25:13.592 +07:00 [INF] Request finished HTTP/1.1 GET http://localhost:5174/api/transaksi/kasbon - 200 null application/json; charset=utf-8 43.2069ms
2026-05-22 00:25:24.938 +07:00 [INF] Request starting HTTP/1.1 OPTIONS http://localhost:5174/api/transaksi/checkout - null null
2026-05-22 00:25:24.939 +07:00 [INF] CORS policy execution successful.
2026-05-22 00:25:24.940 +07:00 [INF] Request finished HTTP/1.1 OPTIONS http://localhost:5174/api/transaksi/checkout - 204 null null 2.2037ms
2026-05-22 00:25:24.942 +07:00 [INF] Request starting HTTP/1.1 POST http://localhost:5174/api/transaksi/checkout - application/json 91
2026-05-22 00:25:24.943 +07:00 [INF] CORS policy execution successful.
2026-05-22 00:25:24.944 +07:00 [INF] Executing endpoint 'TokoApi.Controllers.TransaksiController.Checkout (TokoApi)'
2026-05-22 00:25:24.945 +07:00 [INF] Route matched with {action = "Checkout", controller = "Transaksi"}. Executing controller action with signature System.Threading.Tasks.Task`1[Microsoft.AspNetCore.Mvc.IActionResult] Checkout(TokoApi.DTOs.CheckoutRequest) on controller TokoApi.Controllers.TransaksiController (TokoApi).
2026-05-22 00:25:24.950 +07:00 [INF] Executed DbCommand (0ms) [Parameters=[@__id_0='?' (DbType = Int32)], CommandType='"Text"', CommandTimeout='30']
SELECT `d`.`Id`, `d`.`ExpiryDate`, `d`.`Harga`, `d`.`IsHalal`, `d`.`KategoriId`, `d`.`Nama`, `d`.`Stok`, `d0`.`Id`, `d0`.`NamaKategori`
FROM `DaftarProduk` AS `d`
INNER JOIN `DaftarKategori` AS `d0` ON `d`.`KategoriId` = `d0`.`Id`
WHERE `d`.`Id` = @__id_0
LIMIT 1
2026-05-22 00:25:24.957 +07:00 [INF] Executed DbCommand (1ms) [Parameters=[@p6='?' (DbType = Int32), @p0='?' (DbType = DateTime), @p1='?' (DbType = Decimal), @p2='?' (DbType = Boolean), @p3='?' (DbType = Int32), @p4='?' (Size = 100), @p5='?' (DbType = Int32), @p7='?' (DbType = Decimal), @p8='?' (Size = 4000), @p9='?' (Size = 4000), @p10='?' (DbType = DateTime), @p11='?' (DbType = Decimal)], CommandType='"Text"', CommandTimeout='30']
UPDATE `DaftarProduk` SET `ExpiryDate` = @p0, `Harga` = @p1, `IsHalal` = @p2, `KategoriId` = @p3, `Nama` = @p4, `Stok` = @p5
WHERE `Id` = @p6;
SELECT ROW_COUNT();

INSERT INTO `DaftarTransaksi` (`JumlahDibayar`, `Pembeli`, `StatusPembayaran`, `TanggalTransaksi`, `TotalHarga`)
VALUES (@p7, @p8, @p9, @p10, @p11);
SELECT `Id`
FROM `DaftarTransaksi`
WHERE ROW_COUNT() = 1 AND `Id` = LAST_INSERT_ID();
2026-05-22 00:25:24.962 +07:00 [INF] Executed DbCommand (1ms) [Parameters=[@p12='?' (DbType = Decimal), @p13='?' (DbType = Int32), @p14='?' (DbType = Int32), @p15='?' (DbType = Decimal), @p16='?' (DbType = Int32)], CommandType='"Text"', CommandTimeout='30']
INSERT INTO `DaftarDetailTransaksi` (`HargaSatuan`, `JumlahBeli`, `ProdukId`, `SubTotal`, `TransaksiId`)
VALUES (@p12, @p13, @p14, @p15, @p16);
SELECT `Id`
FROM `DaftarDetailTransaksi`
WHERE ROW_COUNT() = 1 AND `Id` = LAST_INSERT_ID();
2026-05-22 00:25:24.982 +07:00 [INF] Executed DbCommand (14ms) [Parameters=[@__id_0='?' (DbType = Int32)], CommandType='"Text"', CommandTimeout='30']
SELECT `t`.`Id`, `t`.`JumlahDibayar`, `t`.`Pembeli`, `t`.`StatusPembayaran`, `t`.`TanggalTransaksi`, `t`.`TotalHarga`, `t0`.`Id`, `t0`.`HargaSatuan`, `t0`.`JumlahBeli`, `t0`.`ProdukId`, `t0`.`SubTotal`, `t0`.`TransaksiId`, `t0`.`Id0`, `t0`.`ExpiryDate`, `t0`.`Harga`, `t0`.`IsHalal`, `t0`.`KategoriId`, `t0`.`Nama`, `t0`.`Stok`
FROM (
    SELECT `d`.`Id`, `d`.`JumlahDibayar`, `d`.`Pembeli`, `d`.`StatusPembayaran`, `d`.`TanggalTransaksi`, `d`.`TotalHarga`
    FROM `DaftarTransaksi` AS `d`
    WHERE `d`.`Id` = @__id_0
    LIMIT 1
) AS `t`
LEFT JOIN (
    SELECT `d0`.`Id`, `d0`.`HargaSatuan`, `d0`.`JumlahBeli`, `d0`.`ProdukId`, `d0`.`SubTotal`, `d0`.`TransaksiId`, `d1`.`Id` AS `Id0`, `d1`.`ExpiryDate`, `d1`.`Harga`, `d1`.`IsHalal`, `d1`.`KategoriId`, `d1`.`Nama`, `d1`.`Stok`
    FROM `DaftarDetailTransaksi` AS `d0`
    INNER JOIN `DaftarProduk` AS `d1` ON `d0`.`ProdukId` = `d1`.`Id`
) AS `t0` ON `t`.`Id` = `t0`.`TransaksiId`
ORDER BY `t`.`Id`, `t0`.`Id`
2026-05-22 00:25:24.985 +07:00 [INF] Executing OkObjectResult, writing value of type 'TokoApi.DTOs.TransaksiResponse'.
2026-05-22 00:25:24.986 +07:00 [INF] Executed action TokoApi.Controllers.TransaksiController.Checkout (TokoApi) in 39.1509ms
2026-05-22 00:25:24.987 +07:00 [INF] Executed endpoint 'TokoApi.Controllers.TransaksiController.Checkout (TokoApi)'
2026-05-22 00:25:24.987 +07:00 [INF] HTTP POST /api/transaksi/checkout responded 200 in 43.6441 ms
2026-05-22 00:25:24.989 +07:00 [INF] Request finished HTTP/1.1 POST http://localhost:5174/api/transaksi/checkout - 200 null application/json; charset=utf-8 46.8416ms
2026-05-22 00:25:24.995 +07:00 [INF] Request starting HTTP/1.1 OPTIONS http://localhost:5174/api/produk?pageNumber=1&pageSize=100 - null null
2026-05-22 00:25:24.997 +07:00 [INF] CORS policy execution successful.
2026-05-22 00:25:24.997 +07:00 [INF] Request starting HTTP/1.1 OPTIONS http://localhost:5174/api/transaksi/kasbon - null null
2026-05-22 00:25:24.998 +07:00 [INF] Request finished HTTP/1.1 OPTIONS http://localhost:5174/api/produk?pageNumber=1&pageSize=100 - 204 null null 2.6631ms
2026-05-22 00:25:25.000 +07:00 [INF] CORS policy execution successful.
2026-05-22 00:25:25.001 +07:00 [INF] Request starting HTTP/1.1 GET http://localhost:5174/api/produk?pageNumber=1&pageSize=100 - null null
2026-05-22 00:25:25.002 +07:00 [INF] Request finished HTTP/1.1 OPTIONS http://localhost:5174/api/transaksi/kasbon - 204 null null 4.2181ms
2026-05-22 00:25:25.003 +07:00 [INF] CORS policy execution successful.
2026-05-22 00:25:25.005 +07:00 [INF] Request starting HTTP/1.1 GET http://localhost:5174/api/transaksi/kasbon - null null
2026-05-22 00:25:25.005 +07:00 [INF] Executing endpoint 'TokoApi.Controllers.ProdukController.GetAll (TokoApi)'
2026-05-22 00:25:25.007 +07:00 [INF] CORS policy execution successful.
2026-05-22 00:25:25.007 +07:00 [INF] Route matched with {action = "GetAll", controller = "Produk"}. Executing controller action with signature System.Threading.Tasks.Task`1[Microsoft.AspNetCore.Mvc.IActionResult] GetAll(TokoApi.Helpers.ProdukQuery) on controller TokoApi.Controllers.ProdukController (TokoApi).
2026-05-22 00:25:25.009 +07:00 [INF] Executing endpoint 'TokoApi.Controllers.TransaksiController.GetKasbon (TokoApi)'
2026-05-22 00:25:25.011 +07:00 [INF] Route matched with {action = "GetKasbon", controller = "Transaksi"}. Executing controller action with signature System.Threading.Tasks.Task`1[Microsoft.AspNetCore.Mvc.IActionResult] GetKasbon() on controller TokoApi.Controllers.TransaksiController (TokoApi).
2026-05-22 00:25:25.026 +07:00 [INF] Executed DbCommand (12ms) [Parameters=[@__p_1='?' (DbType = Int32), @__p_0='?' (DbType = Int32)], CommandType='"Text"', CommandTimeout='30']
SELECT `t`.`Id`, `t`.`ExpiryDate`, `t`.`Harga`, `t`.`IsHalal`, `t`.`KategoriId`, `t`.`Nama`, `t`.`Stok`, `d0`.`Id`, `d0`.`NamaKategori`
FROM (
    SELECT `d`.`Id`, `d`.`ExpiryDate`, `d`.`Harga`, `d`.`IsHalal`, `d`.`KategoriId`, `d`.`Nama`, `d`.`Stok`
    FROM `DaftarProduk` AS `d`
    ORDER BY `d`.`Nama`
    LIMIT @__p_1 OFFSET @__p_0
) AS `t`
INNER JOIN `DaftarKategori` AS `d0` ON `t`.`KategoriId` = `d0`.`Id`
ORDER BY `t`.`Nama`
2026-05-22 00:25:25.026 +07:00 [INF] Executed DbCommand (12ms) [Parameters=[], CommandType='"Text"', CommandTimeout='30']
SELECT `d`.`Id`, `d`.`JumlahDibayar`, `d`.`Pembeli`, `d`.`StatusPembayaran`, `d`.`TanggalTransaksi`, `d`.`TotalHarga`, `t`.`Id`, `t`.`HargaSatuan`, `t`.`JumlahBeli`, `t`.`ProdukId`, `t`.`SubTotal`, `t`.`TransaksiId`, `t`.`Id0`, `t`.`ExpiryDate`, `t`.`Harga`, `t`.`IsHalal`, `t`.`KategoriId`, `t`.`Nama`, `t`.`Stok`
FROM `DaftarTransaksi` AS `d`
LEFT JOIN (
    SELECT `d0`.`Id`, `d0`.`HargaSatuan`, `d0`.`JumlahBeli`, `d0`.`ProdukId`, `d0`.`SubTotal`, `d0`.`TransaksiId`, `d1`.`Id` AS `Id0`, `d1`.`ExpiryDate`, `d1`.`Harga`, `d1`.`IsHalal`, `d1`.`KategoriId`, `d1`.`Nama`, `d1`.`Stok`
    FROM `DaftarDetailTransaksi` AS `d0`
    INNER JOIN `DaftarProduk` AS `d1` ON `d0`.`ProdukId` = `d1`.`Id`
) AS `t` ON `d`.`Id` = `t`.`TransaksiId`
WHERE `d`.`StatusPembayaran` <> 'Lunas'
ORDER BY `d`.`TanggalTransaksi` DESC, `d`.`Id`, `t`.`Id`
2026-05-22 00:25:25.032 +07:00 [INF] Executed DbCommand (1ms) [Parameters=[], CommandType='"Text"', CommandTimeout='30']
SELECT COUNT(*)
FROM `DaftarProduk` AS `d`
2026-05-22 00:25:25.034 +07:00 [INF] Executing OkObjectResult, writing value of type 'System.Collections.Generic.List`1[[TokoApi.DTOs.TransaksiResponse, TokoApi, Version=1.0.0.0, Culture=neutral, PublicKeyToken=null]]'.
2026-05-22 00:25:25.034 +07:00 [INF] Executing OkObjectResult, writing value of type 'System.Collections.Generic.List`1[[TokoApi.DTOs.ProdukResponse, TokoApi, Version=1.0.0.0, Culture=neutral, PublicKeyToken=null]]'.
2026-05-22 00:25:25.035 +07:00 [INF] Executed action TokoApi.Controllers.TransaksiController.GetKasbon (TokoApi) in 23.0695ms
2026-05-22 00:25:25.036 +07:00 [INF] Executed action TokoApi.Controllers.ProdukController.GetAll (TokoApi) in 26.7937ms
2026-05-22 00:25:25.037 +07:00 [INF] Executed endpoint 'TokoApi.Controllers.TransaksiController.GetKasbon (TokoApi)'
2026-05-22 00:25:25.038 +07:00 [INF] Executed endpoint 'TokoApi.Controllers.ProdukController.GetAll (TokoApi)'
2026-05-22 00:25:25.039 +07:00 [INF] HTTP GET /api/transaksi/kasbon responded 200 in 31.1413 ms
2026-05-22 00:25:25.040 +07:00 [INF] HTTP GET /api/produk responded 200 in 35.0080 ms
2026-05-22 00:25:25.041 +07:00 [INF] Request finished HTTP/1.1 GET http://localhost:5174/api/transaksi/kasbon - 200 null application/json; charset=utf-8 36.8764ms
2026-05-22 00:25:25.043 +07:00 [INF] Request finished HTTP/1.1 GET http://localhost:5174/api/produk?pageNumber=1&pageSize=100 - 200 null application/json; charset=utf-8 41.5548ms
2026-05-22 00:26:00.538 +07:00 [INF] Request starting HTTP/1.1 OPTIONS http://localhost:5174/api/transaksi/13/lunas - null null
2026-05-22 00:26:00.540 +07:00 [INF] CORS policy execution successful.
2026-05-22 00:26:00.542 +07:00 [INF] Request finished HTTP/1.1 OPTIONS http://localhost:5174/api/transaksi/13/lunas - 204 null null 3.7802ms
2026-05-22 00:26:00.545 +07:00 [INF] Request starting HTTP/1.1 PUT http://localhost:5174/api/transaksi/13/lunas - null 0
2026-05-22 00:26:00.549 +07:00 [INF] CORS policy execution successful.
2026-05-22 00:26:00.551 +07:00 [INF] Executing endpoint 'TokoApi.Controllers.TransaksiController.PelunasanKasbon (TokoApi)'
2026-05-22 00:26:00.556 +07:00 [INF] Route matched with {action = "PelunasanKasbon", controller = "Transaksi"}. Executing controller action with signature System.Threading.Tasks.Task`1[Microsoft.AspNetCore.Mvc.IActionResult] PelunasanKasbon(Int32) on controller TokoApi.Controllers.TransaksiController (TokoApi).
2026-05-22 00:26:00.577 +07:00 [INF] Executed DbCommand (16ms) [Parameters=[@__id_0='?' (DbType = Int32)], CommandType='"Text"', CommandTimeout='30']
SELECT `t`.`Id`, `t`.`JumlahDibayar`, `t`.`Pembeli`, `t`.`StatusPembayaran`, `t`.`TanggalTransaksi`, `t`.`TotalHarga`, `t0`.`Id`, `t0`.`HargaSatuan`, `t0`.`JumlahBeli`, `t0`.`ProdukId`, `t0`.`SubTotal`, `t0`.`TransaksiId`, `t0`.`Id0`, `t0`.`ExpiryDate`, `t0`.`Harga`, `t0`.`IsHalal`, `t0`.`KategoriId`, `t0`.`Nama`, `t0`.`Stok`
FROM (
    SELECT `d`.`Id`, `d`.`JumlahDibayar`, `d`.`Pembeli`, `d`.`StatusPembayaran`, `d`.`TanggalTransaksi`, `d`.`TotalHarga`
    FROM `DaftarTransaksi` AS `d`
    WHERE `d`.`Id` = @__id_0
    LIMIT 1
) AS `t`
LEFT JOIN (
    SELECT `d0`.`Id`, `d0`.`HargaSatuan`, `d0`.`JumlahBeli`, `d0`.`ProdukId`, `d0`.`SubTotal`, `d0`.`TransaksiId`, `d1`.`Id` AS `Id0`, `d1`.`ExpiryDate`, `d1`.`Harga`, `d1`.`IsHalal`, `d1`.`KategoriId`, `d1`.`Nama`, `d1`.`Stok`
    FROM `DaftarDetailTransaksi` AS `d0`
    INNER JOIN `DaftarProduk` AS `d1` ON `d0`.`ProdukId` = `d1`.`Id`
) AS `t0` ON `t`.`Id` = `t0`.`TransaksiId`
ORDER BY `t`.`Id`, `t0`.`Id`
2026-05-22 00:26:00.590 +07:00 [INF] Executed DbCommand (2ms) [Parameters=[@p5='?' (DbType = Int32), @p0='?' (DbType = Decimal), @p1='?' (Size = 4000), @p2='?' (Size = 4000), @p3='?' (DbType = DateTime), @p4='?' (DbType = Decimal)], CommandType='"Text"', CommandTimeout='30']
SET AUTOCOMMIT = 1;
UPDATE `DaftarTransaksi` SET `JumlahDibayar` = @p0, `Pembeli` = @p1, `StatusPembayaran` = @p2, `TanggalTransaksi` = @p3, `TotalHarga` = @p4
WHERE `Id` = @p5;
SELECT ROW_COUNT();
2026-05-22 00:26:00.602 +07:00 [INF] Executed DbCommand (7ms) [Parameters=[@p0='?' (Size = 255), @p1='?' (DbType = Decimal), @p2='?' (DbType = DateTime), @p3='?' (Size = 50)], CommandType='"Text"', CommandTimeout='30']
INSERT INTO `DaftarKeuangan` (`Keterangan`, `Nominal`, `Tanggal`, `Tipe`)
VALUES (@p0, @p1, @p2, @p3);
SELECT `Id`
FROM `DaftarKeuangan`
WHERE ROW_COUNT() = 1 AND `Id` = LAST_INSERT_ID();
2026-05-22 00:26:00.607 +07:00 [INF] Executing OkObjectResult, writing value of type '<>f__AnonymousType3`1[[System.String, System.Private.CoreLib, Version=8.0.0.0, Culture=neutral, PublicKeyToken=7cec85d7bea7798e]]'.
2026-05-22 00:26:00.610 +07:00 [INF] Executed action TokoApi.Controllers.TransaksiController.PelunasanKasbon (TokoApi) in 51.9617ms
2026-05-22 00:26:00.611 +07:00 [INF] Executed endpoint 'TokoApi.Controllers.TransaksiController.PelunasanKasbon (TokoApi)'
2026-05-22 00:26:00.611 +07:00 [INF] HTTP PUT /api/transaksi/13/lunas responded 200 in 60.7921 ms
2026-05-22 00:26:00.612 +07:00 [INF] Request finished HTTP/1.1 PUT http://localhost:5174/api/transaksi/13/lunas - 200 null application/json; charset=utf-8 67.3211ms
2026-05-22 00:26:00.622 +07:00 [INF] Request starting HTTP/1.1 OPTIONS http://localhost:5174/api/transaksi/kasbon - null null
2026-05-22 00:26:00.624 +07:00 [INF] CORS policy execution successful.
2026-05-22 00:26:00.625 +07:00 [INF] Request finished HTTP/1.1 OPTIONS http://localhost:5174/api/transaksi/kasbon - 204 null null 3.7864ms
2026-05-22 00:26:00.627 +07:00 [INF] Request starting HTTP/1.1 GET http://localhost:5174/api/transaksi/kasbon - null null
2026-05-22 00:26:00.628 +07:00 [INF] CORS policy execution successful.
2026-05-22 00:26:00.629 +07:00 [INF] Executing endpoint 'TokoApi.Controllers.TransaksiController.GetKasbon (TokoApi)'
2026-05-22 00:26:00.630 +07:00 [INF] Route matched with {action = "GetKasbon", controller = "Transaksi"}. Executing controller action with signature System.Threading.Tasks.Task`1[Microsoft.AspNetCore.Mvc.IActionResult] GetKasbon() on controller TokoApi.Controllers.TransaksiController (TokoApi).
2026-05-22 00:26:00.646 +07:00 [INF] Executed DbCommand (11ms) [Parameters=[], CommandType='"Text"', CommandTimeout='30']
SELECT `d`.`Id`, `d`.`JumlahDibayar`, `d`.`Pembeli`, `d`.`StatusPembayaran`, `d`.`TanggalTransaksi`, `d`.`TotalHarga`, `t`.`Id`, `t`.`HargaSatuan`, `t`.`JumlahBeli`, `t`.`ProdukId`, `t`.`SubTotal`, `t`.`TransaksiId`, `t`.`Id0`, `t`.`ExpiryDate`, `t`.`Harga`, `t`.`IsHalal`, `t`.`KategoriId`, `t`.`Nama`, `t`.`Stok`
FROM `DaftarTransaksi` AS `d`
LEFT JOIN (
    SELECT `d0`.`Id`, `d0`.`HargaSatuan`, `d0`.`JumlahBeli`, `d0`.`ProdukId`, `d0`.`SubTotal`, `d0`.`TransaksiId`, `d1`.`Id` AS `Id0`, `d1`.`ExpiryDate`, `d1`.`Harga`, `d1`.`IsHalal`, `d1`.`KategoriId`, `d1`.`Nama`, `d1`.`Stok`
    FROM `DaftarDetailTransaksi` AS `d0`
    INNER JOIN `DaftarProduk` AS `d1` ON `d0`.`ProdukId` = `d1`.`Id`
) AS `t` ON `d`.`Id` = `t`.`TransaksiId`
WHERE `d`.`StatusPembayaran` <> 'Lunas'
ORDER BY `d`.`TanggalTransaksi` DESC, `d`.`Id`, `t`.`Id`
2026-05-22 00:26:00.651 +07:00 [INF] Executing OkObjectResult, writing value of type 'System.Collections.Generic.List`1[[TokoApi.DTOs.TransaksiResponse, TokoApi, Version=1.0.0.0, Culture=neutral, PublicKeyToken=null]]'.
2026-05-22 00:26:00.652 +07:00 [INF] Executed action TokoApi.Controllers.TransaksiController.GetKasbon (TokoApi) in 20.1915ms
2026-05-22 00:26:00.654 +07:00 [INF] Executed endpoint 'TokoApi.Controllers.TransaksiController.GetKasbon (TokoApi)'
2026-05-22 00:26:00.655 +07:00 [INF] HTTP GET /api/transaksi/kasbon responded 200 in 26.1137 ms
2026-05-22 00:26:00.656 +07:00 [INF] Request finished HTTP/1.1 GET http://localhost:5174/api/transaksi/kasbon - 200 null application/json; charset=utf-8 29.1137ms
2026-05-22 00:26:42.427 +07:00 [INF] Request starting HTTP/1.1 OPTIONS http://localhost:5174/api/kategori - null null
2026-05-22 00:26:42.427 +07:00 [INF] Request starting HTTP/1.1 OPTIONS http://localhost:5174/api/produk?pageNumber=1&pageSize=100 - null null
2026-05-22 00:26:42.427 +07:00 [INF] Request starting HTTP/1.1 OPTIONS http://localhost:5174/api/transaksi/kasbon - null null
2026-05-22 00:26:42.429 +07:00 [INF] CORS policy execution successful.
2026-05-22 00:26:42.434 +07:00 [INF] CORS policy execution successful.
2026-05-22 00:26:42.438 +07:00 [INF] CORS policy execution successful.
2026-05-22 00:26:42.439 +07:00 [INF] Request finished HTTP/1.1 OPTIONS http://localhost:5174/api/kategori - 204 null null 12.1308ms
2026-05-22 00:26:42.453 +07:00 [INF] Request finished HTTP/1.1 OPTIONS http://localhost:5174/api/produk?pageNumber=1&pageSize=100 - 204 null null 26.8633ms
2026-05-22 00:26:42.457 +07:00 [INF] Request finished HTTP/1.1 OPTIONS http://localhost:5174/api/transaksi/kasbon - 204 null null 28.0975ms
2026-05-22 00:26:42.459 +07:00 [INF] Request starting HTTP/1.1 GET http://localhost:5174/api/kategori - null null
2026-05-22 00:26:42.462 +07:00 [INF] Request starting HTTP/1.1 GET http://localhost:5174/api/transaksi/kasbon - null null
2026-05-22 00:26:42.465 +07:00 [INF] Request starting HTTP/1.1 GET http://localhost:5174/api/produk?pageNumber=1&pageSize=100 - null null
2026-05-22 00:26:42.467 +07:00 [INF] CORS policy execution successful.
2026-05-22 00:26:42.469 +07:00 [INF] CORS policy execution successful.
2026-05-22 00:26:42.471 +07:00 [INF] CORS policy execution successful.
2026-05-22 00:26:42.472 +07:00 [INF] Executing endpoint 'TokoApi.Controllers.KategoriController.GetAll (TokoApi)'
2026-05-22 00:26:42.473 +07:00 [INF] Executing endpoint 'TokoApi.Controllers.TransaksiController.GetKasbon (TokoApi)'
2026-05-22 00:26:42.473 +07:00 [INF] Executing endpoint 'TokoApi.Controllers.ProdukController.GetAll (TokoApi)'
2026-05-22 00:26:42.476 +07:00 [INF] Route matched with {action = "GetAll", controller = "Kategori"}. Executing controller action with signature System.Threading.Tasks.Task`1[Microsoft.AspNetCore.Mvc.IActionResult] GetAll() on controller TokoApi.Controllers.KategoriController (TokoApi).
2026-05-22 00:26:42.477 +07:00 [INF] Route matched with {action = "GetKasbon", controller = "Transaksi"}. Executing controller action with signature System.Threading.Tasks.Task`1[Microsoft.AspNetCore.Mvc.IActionResult] GetKasbon() on controller TokoApi.Controllers.TransaksiController (TokoApi).
2026-05-22 00:26:42.479 +07:00 [INF] Route matched with {action = "GetAll", controller = "Produk"}. Executing controller action with signature System.Threading.Tasks.Task`1[Microsoft.AspNetCore.Mvc.IActionResult] GetAll(TokoApi.Helpers.ProdukQuery) on controller TokoApi.Controllers.ProdukController (TokoApi).
2026-05-22 00:26:42.506 +07:00 [INF] Executed DbCommand (20ms) [Parameters=[@__p_1='?' (DbType = Int32), @__p_0='?' (DbType = Int32)], CommandType='"Text"', CommandTimeout='30']
SELECT `t`.`Id`, `t`.`ExpiryDate`, `t`.`Harga`, `t`.`IsHalal`, `t`.`KategoriId`, `t`.`Nama`, `t`.`Stok`, `d0`.`Id`, `d0`.`NamaKategori`
FROM (
    SELECT `d`.`Id`, `d`.`ExpiryDate`, `d`.`Harga`, `d`.`IsHalal`, `d`.`KategoriId`, `d`.`Nama`, `d`.`Stok`
    FROM `DaftarProduk` AS `d`
    ORDER BY `d`.`Nama`
    LIMIT @__p_1 OFFSET @__p_0
) AS `t`
INNER JOIN `DaftarKategori` AS `d0` ON `t`.`KategoriId` = `d0`.`Id`
ORDER BY `t`.`Nama`
2026-05-22 00:26:42.506 +07:00 [INF] Executed DbCommand (23ms) [Parameters=[], CommandType='"Text"', CommandTimeout='30']
SELECT `d`.`Id`, `d`.`JumlahDibayar`, `d`.`Pembeli`, `d`.`StatusPembayaran`, `d`.`TanggalTransaksi`, `d`.`TotalHarga`, `t`.`Id`, `t`.`HargaSatuan`, `t`.`JumlahBeli`, `t`.`ProdukId`, `t`.`SubTotal`, `t`.`TransaksiId`, `t`.`Id0`, `t`.`ExpiryDate`, `t`.`Harga`, `t`.`IsHalal`, `t`.`KategoriId`, `t`.`Nama`, `t`.`Stok`
FROM `DaftarTransaksi` AS `d`
LEFT JOIN (
    SELECT `d0`.`Id`, `d0`.`HargaSatuan`, `d0`.`JumlahBeli`, `d0`.`ProdukId`, `d0`.`SubTotal`, `d0`.`TransaksiId`, `d1`.`Id` AS `Id0`, `d1`.`ExpiryDate`, `d1`.`Harga`, `d1`.`IsHalal`, `d1`.`KategoriId`, `d1`.`Nama`, `d1`.`Stok`
    FROM `DaftarDetailTransaksi` AS `d0`
    INNER JOIN `DaftarProduk` AS `d1` ON `d0`.`ProdukId` = `d1`.`Id`
) AS `t` ON `d`.`Id` = `t`.`TransaksiId`
WHERE `d`.`StatusPembayaran` <> 'Lunas'
ORDER BY `d`.`TanggalTransaksi` DESC, `d`.`Id`, `t`.`Id`
2026-05-22 00:26:42.506 +07:00 [INF] Executed DbCommand (23ms) [Parameters=[], CommandType='"Text"', CommandTimeout='30']
SELECT `d`.`Id`, `d`.`NamaKategori`, `d0`.`Id`, `d0`.`ExpiryDate`, `d0`.`Harga`, `d0`.`IsHalal`, `d0`.`KategoriId`, `d0`.`Nama`, `d0`.`Stok`
FROM `DaftarKategori` AS `d`
LEFT JOIN `DaftarProduk` AS `d0` ON `d`.`Id` = `d0`.`KategoriId`
ORDER BY `d`.`Id`
2026-05-22 00:26:42.511 +07:00 [INF] Executed DbCommand (0ms) [Parameters=[], CommandType='"Text"', CommandTimeout='30']
SELECT COUNT(*)
FROM `DaftarProduk` AS `d`
2026-05-22 00:26:42.513 +07:00 [INF] Executing OkObjectResult, writing value of type 'System.Collections.Generic.List`1[[TokoApi.DTOs.TransaksiResponse, TokoApi, Version=1.0.0.0, Culture=neutral, PublicKeyToken=null]]'.
2026-05-22 00:26:42.514 +07:00 [INF] Executing OkObjectResult, writing value of type 'System.Collections.Generic.List`1[[TokoApi.DTOs.KategoriResponse, TokoApi, Version=1.0.0.0, Culture=neutral, PublicKeyToken=null]]'.
2026-05-22 00:26:42.515 +07:00 [INF] Executing OkObjectResult, writing value of type 'System.Collections.Generic.List`1[[TokoApi.DTOs.ProdukResponse, TokoApi, Version=1.0.0.0, Culture=neutral, PublicKeyToken=null]]'.
2026-05-22 00:26:42.517 +07:00 [INF] Executed action TokoApi.Controllers.TransaksiController.GetKasbon (TokoApi) in 34.5896ms
2026-05-22 00:26:42.518 +07:00 [INF] Executed action TokoApi.Controllers.KategoriController.GetAll (TokoApi) in 37.3643ms
2026-05-22 00:26:42.519 +07:00 [INF] Executed action TokoApi.Controllers.ProdukController.GetAll (TokoApi) in 35.7463ms
2026-05-22 00:26:42.520 +07:00 [INF] Executed endpoint 'TokoApi.Controllers.TransaksiController.GetKasbon (TokoApi)'
2026-05-22 00:26:42.521 +07:00 [INF] Executed endpoint 'TokoApi.Controllers.KategoriController.GetAll (TokoApi)'
2026-05-22 00:26:42.522 +07:00 [INF] Executed endpoint 'TokoApi.Controllers.ProdukController.GetAll (TokoApi)'
2026-05-22 00:26:42.523 +07:00 [INF] HTTP GET /api/transaksi/kasbon responded 200 in 50.7477 ms
2026-05-22 00:26:42.524 +07:00 [INF] HTTP GET /api/kategori responded 200 in 52.3459 ms
2026-05-22 00:26:42.525 +07:00 [INF] HTTP GET /api/produk responded 200 in 51.5640 ms
2026-05-22 00:26:42.526 +07:00 [INF] Request finished HTTP/1.1 GET http://localhost:5174/api/transaksi/kasbon - 200 null application/json; charset=utf-8 63.7749ms
2026-05-22 00:26:42.528 +07:00 [INF] Request finished HTTP/1.1 GET http://localhost:5174/api/kategori - 200 null application/json; charset=utf-8 68.2731ms
2026-05-22 00:26:42.530 +07:00 [INF] Request finished HTTP/1.1 GET http://localhost:5174/api/produk?pageNumber=1&pageSize=100 - 200 null application/json; charset=utf-8 65.1912ms
2026-05-22 00:26:59.473 +07:00 [INF] Request starting HTTP/1.1 OPTIONS http://localhost:5174/api/kategori - null null
2026-05-22 00:26:59.473 +07:00 [INF] Request starting HTTP/1.1 OPTIONS http://localhost:5174/api/produk?pageNumber=1&pageSize=100 - null null
2026-05-22 00:26:59.474 +07:00 [INF] Request starting HTTP/1.1 OPTIONS http://localhost:5174/api/transaksi/kasbon - null null
2026-05-22 00:26:59.479 +07:00 [INF] CORS policy execution successful.
2026-05-22 00:26:59.486 +07:00 [INF] CORS policy execution successful.
2026-05-22 00:26:59.488 +07:00 [INF] CORS policy execution successful.
2026-05-22 00:26:59.489 +07:00 [INF] Request finished HTTP/1.1 OPTIONS http://localhost:5174/api/kategori - 204 null null 15.8059ms
2026-05-22 00:26:59.493 +07:00 [INF] Request finished HTTP/1.1 OPTIONS http://localhost:5174/api/produk?pageNumber=1&pageSize=100 - 204 null null 19.2093ms
2026-05-22 00:26:59.496 +07:00 [INF] Request finished HTTP/1.1 OPTIONS http://localhost:5174/api/transaksi/kasbon - 204 null null 22.1404ms
2026-05-22 00:26:59.500 +07:00 [INF] Request starting HTTP/1.1 GET http://localhost:5174/api/kategori - null null
2026-05-22 00:26:59.506 +07:00 [INF] Request starting HTTP/1.1 GET http://localhost:5174/api/produk?pageNumber=1&pageSize=100 - null null
2026-05-22 00:26:59.509 +07:00 [INF] Request starting HTTP/1.1 GET http://localhost:5174/api/transaksi/kasbon - null null
2026-05-22 00:26:59.512 +07:00 [INF] CORS policy execution successful.
2026-05-22 00:26:59.514 +07:00 [INF] CORS policy execution successful.
2026-05-22 00:26:59.517 +07:00 [INF] CORS policy execution successful.
2026-05-22 00:26:59.518 +07:00 [INF] Executing endpoint 'TokoApi.Controllers.KategoriController.GetAll (TokoApi)'
2026-05-22 00:26:59.519 +07:00 [INF] Executing endpoint 'TokoApi.Controllers.ProdukController.GetAll (TokoApi)'
2026-05-22 00:26:59.520 +07:00 [INF] Executing endpoint 'TokoApi.Controllers.TransaksiController.GetKasbon (TokoApi)'
2026-05-22 00:26:59.521 +07:00 [INF] Route matched with {action = "GetAll", controller = "Kategori"}. Executing controller action with signature System.Threading.Tasks.Task`1[Microsoft.AspNetCore.Mvc.IActionResult] GetAll() on controller TokoApi.Controllers.KategoriController (TokoApi).
2026-05-22 00:26:59.521 +07:00 [INF] Route matched with {action = "GetAll", controller = "Produk"}. Executing controller action with signature System.Threading.Tasks.Task`1[Microsoft.AspNetCore.Mvc.IActionResult] GetAll(TokoApi.Helpers.ProdukQuery) on controller TokoApi.Controllers.ProdukController (TokoApi).
2026-05-22 00:26:59.522 +07:00 [INF] Route matched with {action = "GetKasbon", controller = "Transaksi"}. Executing controller action with signature System.Threading.Tasks.Task`1[Microsoft.AspNetCore.Mvc.IActionResult] GetKasbon() on controller TokoApi.Controllers.TransaksiController (TokoApi).
2026-05-22 00:26:59.550 +07:00 [INF] Executed DbCommand (22ms) [Parameters=[], CommandType='"Text"', CommandTimeout='30']
SELECT `d`.`Id`, `d`.`NamaKategori`, `d0`.`Id`, `d0`.`ExpiryDate`, `d0`.`Harga`, `d0`.`IsHalal`, `d0`.`KategoriId`, `d0`.`Nama`, `d0`.`Stok`
FROM `DaftarKategori` AS `d`
LEFT JOIN `DaftarProduk` AS `d0` ON `d`.`Id` = `d0`.`KategoriId`
ORDER BY `d`.`Id`
2026-05-22 00:26:59.551 +07:00 [INF] Executed DbCommand (23ms) [Parameters=[@__p_1='?' (DbType = Int32), @__p_0='?' (DbType = Int32)], CommandType='"Text"', CommandTimeout='30']
SELECT `t`.`Id`, `t`.`ExpiryDate`, `t`.`Harga`, `t`.`IsHalal`, `t`.`KategoriId`, `t`.`Nama`, `t`.`Stok`, `d0`.`Id`, `d0`.`NamaKategori`
FROM (
    SELECT `d`.`Id`, `d`.`ExpiryDate`, `d`.`Harga`, `d`.`IsHalal`, `d`.`KategoriId`, `d`.`Nama`, `d`.`Stok`
    FROM `DaftarProduk` AS `d`
    ORDER BY `d`.`Nama`
    LIMIT @__p_1 OFFSET @__p_0
) AS `t`
INNER JOIN `DaftarKategori` AS `d0` ON `t`.`KategoriId` = `d0`.`Id`
ORDER BY `t`.`Nama`
2026-05-22 00:26:59.551 +07:00 [INF] Executed DbCommand (22ms) [Parameters=[], CommandType='"Text"', CommandTimeout='30']
SELECT `d`.`Id`, `d`.`JumlahDibayar`, `d`.`Pembeli`, `d`.`StatusPembayaran`, `d`.`TanggalTransaksi`, `d`.`TotalHarga`, `t`.`Id`, `t`.`HargaSatuan`, `t`.`JumlahBeli`, `t`.`ProdukId`, `t`.`SubTotal`, `t`.`TransaksiId`, `t`.`Id0`, `t`.`ExpiryDate`, `t`.`Harga`, `t`.`IsHalal`, `t`.`KategoriId`, `t`.`Nama`, `t`.`Stok`
FROM `DaftarTransaksi` AS `d`
LEFT JOIN (
    SELECT `d0`.`Id`, `d0`.`HargaSatuan`, `d0`.`JumlahBeli`, `d0`.`ProdukId`, `d0`.`SubTotal`, `d0`.`TransaksiId`, `d1`.`Id` AS `Id0`, `d1`.`ExpiryDate`, `d1`.`Harga`, `d1`.`IsHalal`, `d1`.`KategoriId`, `d1`.`Nama`, `d1`.`Stok`
    FROM `DaftarDetailTransaksi` AS `d0`
    INNER JOIN `DaftarProduk` AS `d1` ON `d0`.`ProdukId` = `d1`.`Id`
) AS `t` ON `d`.`Id` = `t`.`TransaksiId`
WHERE `d`.`StatusPembayaran` <> 'Lunas'
ORDER BY `d`.`TanggalTransaksi` DESC, `d`.`Id`, `t`.`Id`
2026-05-22 00:26:59.555 +07:00 [INF] Executing OkObjectResult, writing value of type 'System.Collections.Generic.List`1[[TokoApi.DTOs.KategoriResponse, TokoApi, Version=1.0.0.0, Culture=neutral, PublicKeyToken=null]]'.
2026-05-22 00:26:59.560 +07:00 [INF] Executed DbCommand (0ms) [Parameters=[], CommandType='"Text"', CommandTimeout='30']
SELECT COUNT(*)
FROM `DaftarProduk` AS `d`
2026-05-22 00:26:59.561 +07:00 [INF] Executing OkObjectResult, writing value of type 'System.Collections.Generic.List`1[[TokoApi.DTOs.TransaksiResponse, TokoApi, Version=1.0.0.0, Culture=neutral, PublicKeyToken=null]]'.
2026-05-22 00:26:59.561 +07:00 [INF] Executed action TokoApi.Controllers.KategoriController.GetAll (TokoApi) in 36.6191ms
2026-05-22 00:26:59.563 +07:00 [INF] Executing OkObjectResult, writing value of type 'System.Collections.Generic.List`1[[TokoApi.DTOs.ProdukResponse, TokoApi, Version=1.0.0.0, Culture=neutral, PublicKeyToken=null]]'.
2026-05-22 00:26:59.564 +07:00 [INF] Executed action TokoApi.Controllers.TransaksiController.GetKasbon (TokoApi) in 36.7151ms
2026-05-22 00:26:59.566 +07:00 [INF] Executed endpoint 'TokoApi.Controllers.KategoriController.GetAll (TokoApi)'
2026-05-22 00:26:59.567 +07:00 [INF] Executed action TokoApi.Controllers.ProdukController.GetAll (TokoApi) in 41.5975ms
2026-05-22 00:26:59.568 +07:00 [INF] Executed endpoint 'TokoApi.Controllers.TransaksiController.GetKasbon (TokoApi)'
2026-05-22 00:26:59.570 +07:00 [INF] HTTP GET /api/kategori responded 200 in 51.7262 ms
2026-05-22 00:26:59.571 +07:00 [INF] Executed endpoint 'TokoApi.Controllers.ProdukController.GetAll (TokoApi)'
2026-05-22 00:26:59.572 +07:00 [INF] HTTP GET /api/transaksi/kasbon responded 200 in 52.7259 ms
2026-05-22 00:26:59.574 +07:00 [INF] Request finished HTTP/1.1 GET http://localhost:5174/api/kategori - 200 null application/json; charset=utf-8 74.452ms
2026-05-22 00:26:59.575 +07:00 [INF] HTTP GET /api/produk responded 200 in 56.3563 ms
2026-05-22 00:26:59.576 +07:00 [INF] Request finished HTTP/1.1 GET http://localhost:5174/api/transaksi/kasbon - 200 null application/json; charset=utf-8 67.3129ms
2026-05-22 00:26:59.580 +07:00 [INF] Request finished HTTP/1.1 GET http://localhost:5174/api/produk?pageNumber=1&pageSize=100 - 200 null application/json; charset=utf-8 74.1257ms
2026-05-22 00:27:09.112 +07:00 [INF] Request starting HTTP/1.1 OPTIONS http://localhost:5174/api/transaksi/checkout - null null
2026-05-22 00:27:09.114 +07:00 [INF] CORS policy execution successful.
2026-05-22 00:27:09.116 +07:00 [INF] Request finished HTTP/1.1 OPTIONS http://localhost:5174/api/transaksi/checkout - 204 null null 3.3717ms
2026-05-22 00:27:09.119 +07:00 [INF] Request starting HTTP/1.1 POST http://localhost:5174/api/transaksi/checkout - application/json 85
2026-05-22 00:27:09.121 +07:00 [INF] CORS policy execution successful.
2026-05-22 00:27:09.122 +07:00 [INF] Executing endpoint 'TokoApi.Controllers.TransaksiController.Checkout (TokoApi)'
2026-05-22 00:27:09.123 +07:00 [INF] Route matched with {action = "Checkout", controller = "Transaksi"}. Executing controller action with signature System.Threading.Tasks.Task`1[Microsoft.AspNetCore.Mvc.IActionResult] Checkout(TokoApi.DTOs.CheckoutRequest) on controller TokoApi.Controllers.TransaksiController (TokoApi).
2026-05-22 00:27:09.128 +07:00 [INF] Executed DbCommand (1ms) [Parameters=[@__id_0='?' (DbType = Int32)], CommandType='"Text"', CommandTimeout='30']
SELECT `d`.`Id`, `d`.`ExpiryDate`, `d`.`Harga`, `d`.`IsHalal`, `d`.`KategoriId`, `d`.`Nama`, `d`.`Stok`, `d0`.`Id`, `d0`.`NamaKategori`
FROM `DaftarProduk` AS `d`
INNER JOIN `DaftarKategori` AS `d0` ON `d`.`KategoriId` = `d0`.`Id`
WHERE `d`.`Id` = @__id_0
LIMIT 1
2026-05-22 00:27:09.139 +07:00 [INF] Executed DbCommand (1ms) [Parameters=[@p6='?' (DbType = Int32), @p0='?' (DbType = DateTime), @p1='?' (DbType = Decimal), @p2='?' (DbType = Boolean), @p3='?' (DbType = Int32), @p4='?' (Size = 100), @p5='?' (DbType = Int32), @p7='?' (DbType = Decimal), @p8='?' (Size = 4000), @p9='?' (Size = 4000), @p10='?' (DbType = DateTime), @p11='?' (DbType = Decimal)], CommandType='"Text"', CommandTimeout='30']
UPDATE `DaftarProduk` SET `ExpiryDate` = @p0, `Harga` = @p1, `IsHalal` = @p2, `KategoriId` = @p3, `Nama` = @p4, `Stok` = @p5
WHERE `Id` = @p6;
SELECT ROW_COUNT();

INSERT INTO `DaftarTransaksi` (`JumlahDibayar`, `Pembeli`, `StatusPembayaran`, `TanggalTransaksi`, `TotalHarga`)
VALUES (@p7, @p8, @p9, @p10, @p11);
SELECT `Id`
FROM `DaftarTransaksi`
WHERE ROW_COUNT() = 1 AND `Id` = LAST_INSERT_ID();
2026-05-22 00:27:09.146 +07:00 [INF] Executed DbCommand (1ms) [Parameters=[@p12='?' (DbType = Decimal), @p13='?' (DbType = Int32), @p14='?' (DbType = Int32), @p15='?' (DbType = Decimal), @p16='?' (DbType = Int32)], CommandType='"Text"', CommandTimeout='30']
INSERT INTO `DaftarDetailTransaksi` (`HargaSatuan`, `JumlahBeli`, `ProdukId`, `SubTotal`, `TransaksiId`)
VALUES (@p12, @p13, @p14, @p15, @p16);
SELECT `Id`
FROM `DaftarDetailTransaksi`
WHERE ROW_COUNT() = 1 AND `Id` = LAST_INSERT_ID();
2026-05-22 00:27:09.162 +07:00 [INF] Executed DbCommand (11ms) [Parameters=[@__id_0='?' (DbType = Int32)], CommandType='"Text"', CommandTimeout='30']
SELECT `t`.`Id`, `t`.`JumlahDibayar`, `t`.`Pembeli`, `t`.`StatusPembayaran`, `t`.`TanggalTransaksi`, `t`.`TotalHarga`, `t0`.`Id`, `t0`.`HargaSatuan`, `t0`.`JumlahBeli`, `t0`.`ProdukId`, `t0`.`SubTotal`, `t0`.`TransaksiId`, `t0`.`Id0`, `t0`.`ExpiryDate`, `t0`.`Harga`, `t0`.`IsHalal`, `t0`.`KategoriId`, `t0`.`Nama`, `t0`.`Stok`
FROM (
    SELECT `d`.`Id`, `d`.`JumlahDibayar`, `d`.`Pembeli`, `d`.`StatusPembayaran`, `d`.`TanggalTransaksi`, `d`.`TotalHarga`
    FROM `DaftarTransaksi` AS `d`
    WHERE `d`.`Id` = @__id_0
    LIMIT 1
) AS `t`
LEFT JOIN (
    SELECT `d0`.`Id`, `d0`.`HargaSatuan`, `d0`.`JumlahBeli`, `d0`.`ProdukId`, `d0`.`SubTotal`, `d0`.`TransaksiId`, `d1`.`Id` AS `Id0`, `d1`.`ExpiryDate`, `d1`.`Harga`, `d1`.`IsHalal`, `d1`.`KategoriId`, `d1`.`Nama`, `d1`.`Stok`
    FROM `DaftarDetailTransaksi` AS `d0`
    INNER JOIN `DaftarProduk` AS `d1` ON `d0`.`ProdukId` = `d1`.`Id`
) AS `t0` ON `t`.`Id` = `t0`.`TransaksiId`
ORDER BY `t`.`Id`, `t0`.`Id`
2026-05-22 00:27:09.164 +07:00 [INF] Executing OkObjectResult, writing value of type 'TokoApi.DTOs.TransaksiResponse'.
2026-05-22 00:27:09.165 +07:00 [INF] Executed action TokoApi.Controllers.TransaksiController.Checkout (TokoApi) in 41.2149ms
2026-05-22 00:27:09.166 +07:00 [INF] Executed endpoint 'TokoApi.Controllers.TransaksiController.Checkout (TokoApi)'
2026-05-22 00:27:09.167 +07:00 [INF] HTTP POST /api/transaksi/checkout responded 200 in 46.0578 ms
2026-05-22 00:27:09.168 +07:00 [INF] Request finished HTTP/1.1 POST http://localhost:5174/api/transaksi/checkout - 200 null application/json; charset=utf-8 49.4828ms
2026-05-22 00:27:09.175 +07:00 [INF] Request starting HTTP/1.1 OPTIONS http://localhost:5174/api/produk?pageNumber=1&pageSize=100 - null null
2026-05-22 00:27:09.175 +07:00 [INF] Request starting HTTP/1.1 OPTIONS http://localhost:5174/api/transaksi/kasbon - null null
2026-05-22 00:27:09.176 +07:00 [INF] CORS policy execution successful.
2026-05-22 00:27:09.177 +07:00 [INF] CORS policy execution successful.
2026-05-22 00:27:09.178 +07:00 [INF] Request finished HTTP/1.1 OPTIONS http://localhost:5174/api/produk?pageNumber=1&pageSize=100 - 204 null null 3.2187ms
2026-05-22 00:27:09.179 +07:00 [INF] Request finished HTTP/1.1 OPTIONS http://localhost:5174/api/transaksi/kasbon - 204 null null 4.054ms
2026-05-22 00:27:09.181 +07:00 [INF] Request starting HTTP/1.1 GET http://localhost:5174/api/transaksi/kasbon - null null
2026-05-22 00:27:09.182 +07:00 [INF] Request starting HTTP/1.1 GET http://localhost:5174/api/produk?pageNumber=1&pageSize=100 - null null
2026-05-22 00:27:09.183 +07:00 [INF] CORS policy execution successful.
2026-05-22 00:27:09.184 +07:00 [INF] CORS policy execution successful.
2026-05-22 00:27:09.185 +07:00 [INF] Executing endpoint 'TokoApi.Controllers.TransaksiController.GetKasbon (TokoApi)'
2026-05-22 00:27:09.185 +07:00 [INF] Executing endpoint 'TokoApi.Controllers.ProdukController.GetAll (TokoApi)'
2026-05-22 00:27:09.186 +07:00 [INF] Route matched with {action = "GetKasbon", controller = "Transaksi"}. Executing controller action with signature System.Threading.Tasks.Task`1[Microsoft.AspNetCore.Mvc.IActionResult] GetKasbon() on controller TokoApi.Controllers.TransaksiController (TokoApi).
2026-05-22 00:27:09.186 +07:00 [INF] Route matched with {action = "GetAll", controller = "Produk"}. Executing controller action with signature System.Threading.Tasks.Task`1[Microsoft.AspNetCore.Mvc.IActionResult] GetAll(TokoApi.Helpers.ProdukQuery) on controller TokoApi.Controllers.ProdukController (TokoApi).
2026-05-22 00:27:09.201 +07:00 [INF] Executed DbCommand (11ms) [Parameters=[], CommandType='"Text"', CommandTimeout='30']
SELECT `d`.`Id`, `d`.`JumlahDibayar`, `d`.`Pembeli`, `d`.`StatusPembayaran`, `d`.`TanggalTransaksi`, `d`.`TotalHarga`, `t`.`Id`, `t`.`HargaSatuan`, `t`.`JumlahBeli`, `t`.`ProdukId`, `t`.`SubTotal`, `t`.`TransaksiId`, `t`.`Id0`, `t`.`ExpiryDate`, `t`.`Harga`, `t`.`IsHalal`, `t`.`KategoriId`, `t`.`Nama`, `t`.`Stok`
FROM `DaftarTransaksi` AS `d`
LEFT JOIN (
    SELECT `d0`.`Id`, `d0`.`HargaSatuan`, `d0`.`JumlahBeli`, `d0`.`ProdukId`, `d0`.`SubTotal`, `d0`.`TransaksiId`, `d1`.`Id` AS `Id0`, `d1`.`ExpiryDate`, `d1`.`Harga`, `d1`.`IsHalal`, `d1`.`KategoriId`, `d1`.`Nama`, `d1`.`Stok`
    FROM `DaftarDetailTransaksi` AS `d0`
    INNER JOIN `DaftarProduk` AS `d1` ON `d0`.`ProdukId` = `d1`.`Id`
) AS `t` ON `d`.`Id` = `t`.`TransaksiId`
WHERE `d`.`StatusPembayaran` <> 'Lunas'
ORDER BY `d`.`TanggalTransaksi` DESC, `d`.`Id`, `t`.`Id`
2026-05-22 00:27:09.201 +07:00 [INF] Executed DbCommand (10ms) [Parameters=[@__p_1='?' (DbType = Int32), @__p_0='?' (DbType = Int32)], CommandType='"Text"', CommandTimeout='30']
SELECT `t`.`Id`, `t`.`ExpiryDate`, `t`.`Harga`, `t`.`IsHalal`, `t`.`KategoriId`, `t`.`Nama`, `t`.`Stok`, `d0`.`Id`, `d0`.`NamaKategori`
FROM (
    SELECT `d`.`Id`, `d`.`ExpiryDate`, `d`.`Harga`, `d`.`IsHalal`, `d`.`KategoriId`, `d`.`Nama`, `d`.`Stok`
    FROM `DaftarProduk` AS `d`
    ORDER BY `d`.`Nama`
    LIMIT @__p_1 OFFSET @__p_0
) AS `t`
INNER JOIN `DaftarKategori` AS `d0` ON `t`.`KategoriId` = `d0`.`Id`
ORDER BY `t`.`Nama`
2026-05-22 00:27:09.204 +07:00 [INF] Executing OkObjectResult, writing value of type 'System.Collections.Generic.List`1[[TokoApi.DTOs.TransaksiResponse, TokoApi, Version=1.0.0.0, Culture=neutral, PublicKeyToken=null]]'.
2026-05-22 00:27:09.205 +07:00 [INF] Executed action TokoApi.Controllers.TransaksiController.GetKasbon (TokoApi) in 17.4251ms
2026-05-22 00:27:09.205 +07:00 [INF] Executed DbCommand (0ms) [Parameters=[], CommandType='"Text"', CommandTimeout='30']
SELECT COUNT(*)
FROM `DaftarProduk` AS `d`
2026-05-22 00:27:09.206 +07:00 [INF] Executed endpoint 'TokoApi.Controllers.TransaksiController.GetKasbon (TokoApi)'
2026-05-22 00:27:09.207 +07:00 [INF] Executing OkObjectResult, writing value of type 'System.Collections.Generic.List`1[[TokoApi.DTOs.ProdukResponse, TokoApi, Version=1.0.0.0, Culture=neutral, PublicKeyToken=null]]'.
2026-05-22 00:27:09.208 +07:00 [INF] HTTP GET /api/transaksi/kasbon responded 200 in 23.3641 ms
2026-05-22 00:27:09.209 +07:00 [INF] Executed action TokoApi.Controllers.ProdukController.GetAll (TokoApi) in 20.3118ms
2026-05-22 00:27:09.210 +07:00 [INF] Request finished HTTP/1.1 GET http://localhost:5174/api/transaksi/kasbon - 200 null application/json; charset=utf-8 29.4539ms
2026-05-22 00:27:09.211 +07:00 [INF] Executed endpoint 'TokoApi.Controllers.ProdukController.GetAll (TokoApi)'
2026-05-22 00:27:09.213 +07:00 [INF] HTTP GET /api/produk responded 200 in 28.0318 ms
2026-05-22 00:27:09.214 +07:00 [INF] Request finished HTTP/1.1 GET http://localhost:5174/api/produk?pageNumber=1&pageSize=100 - 200 null application/json; charset=utf-8 31.8442ms
2026-05-22 00:27:17.177 +07:00 [INF] Application is shutting down...
