2026-05-21 23:54:22.642 +07:00 [INF] User profile is available. Using 'C:\Users\user\AppData\Local\ASP.NET\DataProtection-Keys' as key repository and Windows DPAPI to encrypt keys at rest.
2026-05-21 23:54:22.768 +07:00 [ERR] Hosting failed to start
System.IO.IOException: Failed to bind to address http://127.0.0.1:5174: address already in use.
 ---> Microsoft.AspNetCore.Connections.AddressInUseException: Only one usage of each socket address (protocol/network address/port) is normally permitted.
 ---> System.Net.Sockets.SocketException (10048): Only one usage of each socket address (protocol/network address/port) is normally permitted.
   at System.Net.Sockets.Socket.UpdateStatusAfterSocketErrorAndThrowException(SocketError error, Boolean disconnectOnFailure, String callerName)
   at System.Net.Sockets.Socket.DoBind(EndPoint endPointSnapshot, SocketAddress socketAddress)
   at System.Net.Sockets.Socket.Bind(EndPoint localEP)
   at Microsoft.AspNetCore.Server.Kestrel.Transport.Sockets.SocketTransportOptions.CreateDefaultBoundListenSocket(EndPoint endpoint)
   at Microsoft.AspNetCore.Server.Kestrel.Transport.Sockets.SocketConnectionListener.Bind()
   --- End of inner exception stack trace ---
   at Microsoft.AspNetCore.Server.Kestrel.Transport.Sockets.SocketConnectionListener.Bind()
   at Microsoft.AspNetCore.Server.Kestrel.Transport.Sockets.SocketTransportFactory.BindAsync(EndPoint endpoint, CancellationToken cancellationToken)
   at Microsoft.AspNetCore.Server.Kestrel.Core.Internal.Infrastructure.TransportManager.BindAsync(EndPoint endPoint, ConnectionDelegate connectionDelegate, EndpointConfig endpointConfig, CancellationToken cancellationToken)
   at Microsoft.AspNetCore.Server.Kestrel.Core.KestrelServerImpl.<>c__DisplayClass28_0`1.<<StartAsync>g__OnBind|0>d.MoveNext()
--- End of stack trace from previous location ---
   at Microsoft.AspNetCore.Server.Kestrel.Core.Internal.AddressBinder.BindEndpointAsync(ListenOptions endpoint, AddressBindContext context, CancellationToken cancellationToken)
   --- End of inner exception stack trace ---
   at Microsoft.AspNetCore.Server.Kestrel.Core.Internal.AddressBinder.BindEndpointAsync(ListenOptions endpoint, AddressBindContext context, CancellationToken cancellationToken)
   at Microsoft.AspNetCore.Server.Kestrel.Core.LocalhostListenOptions.BindAsync(AddressBindContext context, CancellationToken cancellationToken)
   at Microsoft.AspNetCore.Server.Kestrel.Core.Internal.AddressBinder.AddressesStrategy.BindAsync(AddressBindContext context, CancellationToken cancellationToken)
   at Microsoft.AspNetCore.Server.Kestrel.Core.Internal.AddressBinder.BindAsync(ListenOptions[] listenOptions, AddressBindContext context, Func`2 useHttps, CancellationToken cancellationToken)
   at Microsoft.AspNetCore.Server.Kestrel.Core.KestrelServerImpl.BindAsync(CancellationToken cancellationToken)
   at Microsoft.AspNetCore.Server.Kestrel.Core.KestrelServerImpl.StartAsync[TContext](IHttpApplication`1 application, CancellationToken cancellationToken)
   at Microsoft.AspNetCore.Hosting.GenericWebHostService.StartAsync(CancellationToken cancellationToken)
   at Microsoft.Extensions.Hosting.Internal.Host.<StartAsync>b__15_1(IHostedService service, CancellationToken token)
   at Microsoft.Extensions.Hosting.Internal.Host.ForeachService[T](IEnumerable`1 services, CancellationToken token, Boolean concurrent, Boolean abortOnFirstException, List`1 exceptions, Func`3 operation)
2026-05-21 23:54:33.628 +07:00 [INF] User profile is available. Using 'C:\Users\user\AppData\Local\ASP.NET\DataProtection-Keys' as key repository and Windows DPAPI to encrypt keys at rest.
2026-05-21 23:54:33.703 +07:00 [ERR] Hosting failed to start
System.IO.IOException: Failed to bind to address http://127.0.0.1:5174: address already in use.
 ---> Microsoft.AspNetCore.Connections.AddressInUseException: Only one usage of each socket address (protocol/network address/port) is normally permitted.
 ---> System.Net.Sockets.SocketException (10048): Only one usage of each socket address (protocol/network address/port) is normally permitted.
   at System.Net.Sockets.Socket.UpdateStatusAfterSocketErrorAndThrowException(SocketError error, Boolean disconnectOnFailure, String callerName)
   at System.Net.Sockets.Socket.DoBind(EndPoint endPointSnapshot, SocketAddress socketAddress)
   at System.Net.Sockets.Socket.Bind(EndPoint localEP)
   at Microsoft.AspNetCore.Server.Kestrel.Transport.Sockets.SocketTransportOptions.CreateDefaultBoundListenSocket(EndPoint endpoint)
   at Microsoft.AspNetCore.Server.Kestrel.Transport.Sockets.SocketConnectionListener.Bind()
   --- End of inner exception stack trace ---
   at Microsoft.AspNetCore.Server.Kestrel.Transport.Sockets.SocketConnectionListener.Bind()
   at Microsoft.AspNetCore.Server.Kestrel.Transport.Sockets.SocketTransportFactory.BindAsync(EndPoint endpoint, CancellationToken cancellationToken)
   at Microsoft.AspNetCore.Server.Kestrel.Core.Internal.Infrastructure.TransportManager.BindAsync(EndPoint endPoint, ConnectionDelegate connectionDelegate, EndpointConfig endpointConfig, CancellationToken cancellationToken)
   at Microsoft.AspNetCore.Server.Kestrel.Core.KestrelServerImpl.<>c__DisplayClass28_0`1.<<StartAsync>g__OnBind|0>d.MoveNext()
--- End of stack trace from previous location ---
   at Microsoft.AspNetCore.Server.Kestrel.Core.Internal.AddressBinder.BindEndpointAsync(ListenOptions endpoint, AddressBindContext context, CancellationToken cancellationToken)
   --- End of inner exception stack trace ---
   at Microsoft.AspNetCore.Server.Kestrel.Core.Internal.AddressBinder.BindEndpointAsync(ListenOptions endpoint, AddressBindContext context, CancellationToken cancellationToken)
   at Microsoft.AspNetCore.Server.Kestrel.Core.LocalhostListenOptions.BindAsync(AddressBindContext context, CancellationToken cancellationToken)
   at Microsoft.AspNetCore.Server.Kestrel.Core.Internal.AddressBinder.AddressesStrategy.BindAsync(AddressBindContext context, CancellationToken cancellationToken)
   at Microsoft.AspNetCore.Server.Kestrel.Core.Internal.AddressBinder.BindAsync(ListenOptions[] listenOptions, AddressBindContext context, Func`2 useHttps, CancellationToken cancellationToken)
   at Microsoft.AspNetCore.Server.Kestrel.Core.KestrelServerImpl.BindAsync(CancellationToken cancellationToken)
   at Microsoft.AspNetCore.Server.Kestrel.Core.KestrelServerImpl.StartAsync[TContext](IHttpApplication`1 application, CancellationToken cancellationToken)
   at Microsoft.AspNetCore.Hosting.GenericWebHostService.StartAsync(CancellationToken cancellationToken)
   at Microsoft.Extensions.Hosting.Internal.Host.<StartAsync>b__15_1(IHostedService service, CancellationToken token)
   at Microsoft.Extensions.Hosting.Internal.Host.ForeachService[T](IEnumerable`1 services, CancellationToken token, Boolean concurrent, Boolean abortOnFirstException, List`1 exceptions, Func`3 operation)
2026-05-21 23:55:28.250 +07:00 [INF] User profile is available. Using 'C:\Users\user\AppData\Local\ASP.NET\DataProtection-Keys' as key repository and Windows DPAPI to encrypt keys at rest.
2026-05-21 23:55:28.327 +07:00 [ERR] Hosting failed to start
System.IO.IOException: Failed to bind to address http://127.0.0.1:5174: address already in use.
 ---> Microsoft.AspNetCore.Connections.AddressInUseException: Only one usage of each socket address (protocol/network address/port) is normally permitted.
 ---> System.Net.Sockets.SocketException (10048): Only one usage of each socket address (protocol/network address/port) is normally permitted.
   at System.Net.Sockets.Socket.UpdateStatusAfterSocketErrorAndThrowException(SocketError error, Boolean disconnectOnFailure, String callerName)
   at System.Net.Sockets.Socket.DoBind(EndPoint endPointSnapshot, SocketAddress socketAddress)
   at System.Net.Sockets.Socket.Bind(EndPoint localEP)
   at Microsoft.AspNetCore.Server.Kestrel.Transport.Sockets.SocketTransportOptions.CreateDefaultBoundListenSocket(EndPoint endpoint)
   at Microsoft.AspNetCore.Server.Kestrel.Transport.Sockets.SocketConnectionListener.Bind()
   --- End of inner exception stack trace ---
   at Microsoft.AspNetCore.Server.Kestrel.Transport.Sockets.SocketConnectionListener.Bind()
   at Microsoft.AspNetCore.Server.Kestrel.Transport.Sockets.SocketTransportFactory.BindAsync(EndPoint endpoint, CancellationToken cancellationToken)
   at Microsoft.AspNetCore.Server.Kestrel.Core.Internal.Infrastructure.TransportManager.BindAsync(EndPoint endPoint, ConnectionDelegate connectionDelegate, EndpointConfig endpointConfig, CancellationToken cancellationToken)
   at Microsoft.AspNetCore.Server.Kestrel.Core.KestrelServerImpl.<>c__DisplayClass28_0`1.<<StartAsync>g__OnBind|0>d.MoveNext()
--- End of stack trace from previous location ---
   at Microsoft.AspNetCore.Server.Kestrel.Core.Internal.AddressBinder.BindEndpointAsync(ListenOptions endpoint, AddressBindContext context, CancellationToken cancellationToken)
   --- End of inner exception stack trace ---
   at Microsoft.AspNetCore.Server.Kestrel.Core.Internal.AddressBinder.BindEndpointAsync(ListenOptions endpoint, AddressBindContext context, CancellationToken cancellationToken)
   at Microsoft.AspNetCore.Server.Kestrel.Core.LocalhostListenOptions.BindAsync(AddressBindContext context, CancellationToken cancellationToken)
   at Microsoft.AspNetCore.Server.Kestrel.Core.Internal.AddressBinder.AddressesStrategy.BindAsync(AddressBindContext context, CancellationToken cancellationToken)
   at Microsoft.AspNetCore.Server.Kestrel.Core.Internal.AddressBinder.BindAsync(ListenOptions[] listenOptions, AddressBindContext context, Func`2 useHttps, CancellationToken cancellationToken)
   at Microsoft.AspNetCore.Server.Kestrel.Core.KestrelServerImpl.BindAsync(CancellationToken cancellationToken)
   at Microsoft.AspNetCore.Server.Kestrel.Core.KestrelServerImpl.StartAsync[TContext](IHttpApplication`1 application, CancellationToken cancellationToken)
   at Microsoft.AspNetCore.Hosting.GenericWebHostService.StartAsync(CancellationToken cancellationToken)
   at Microsoft.Extensions.Hosting.Internal.Host.<StartAsync>b__15_1(IHostedService service, CancellationToken token)
   at Microsoft.Extensions.Hosting.Internal.Host.ForeachService[T](IEnumerable`1 services, CancellationToken token, Boolean concurrent, Boolean abortOnFirstException, List`1 exceptions, Func`3 operation)
2026-05-21 23:56:41.157 +07:00 [INF] User profile is available. Using 'C:\Users\user\AppData\Local\ASP.NET\DataProtection-Keys' as key repository and Windows DPAPI to encrypt keys at rest.
2026-05-21 23:56:41.230 +07:00 [INF] Now listening on: http://localhost:5174
2026-05-21 23:56:41.233 +07:00 [INF] Application started. Press Ctrl+C to shut down.
2026-05-21 23:56:41.234 +07:00 [INF] Hosting environment: Development
2026-05-21 23:56:41.235 +07:00 [INF] Content root path: C:\Users\user\OneDrive\Documents\testttt\BelajarNet\dotNet\TokoApi
2026-05-21 23:56:41.262 +07:00 [INF] Request starting HTTP/1.1 OPTIONS http://localhost:5174/api/produk?pageNumber=1&pageSize=100 - null null
2026-05-21 23:56:41.262 +07:00 [INF] Request starting HTTP/1.1 OPTIONS http://localhost:5174/api/kategori - null null
2026-05-21 23:56:41.262 +07:00 [INF] Request starting HTTP/1.1 OPTIONS http://localhost:5174/api/transaksi/kasbon - null null
2026-05-21 23:56:41.287 +07:00 [INF] CORS policy execution successful.
2026-05-21 23:56:41.287 +07:00 [INF] CORS policy execution successful.
2026-05-21 23:56:41.287 +07:00 [INF] CORS policy execution successful.
2026-05-21 23:56:41.292 +07:00 [INF] Request finished HTTP/1.1 OPTIONS http://localhost:5174/api/kategori - 204 null null 30.7187ms
2026-05-21 23:56:41.292 +07:00 [INF] Request finished HTTP/1.1 OPTIONS http://localhost:5174/api/transaksi/kasbon - 204 null null 30.7144ms
2026-05-21 23:56:41.292 +07:00 [INF] Request finished HTTP/1.1 OPTIONS http://localhost:5174/api/produk?pageNumber=1&pageSize=100 - 204 null null 30.7125ms
2026-05-21 23:56:41.297 +07:00 [INF] Request starting HTTP/1.1 OPTIONS http://localhost:5174/api/analytics - null null
2026-05-21 23:56:41.297 +07:00 [INF] Request starting HTTP/1.1 OPTIONS http://localhost:5174/api/produk?pageNumber=1&pageSize=10 - null null
2026-05-21 23:56:41.298 +07:00 [INF] Request starting HTTP/1.1 OPTIONS http://localhost:5174/api/kategori - null null
2026-05-21 23:56:41.301 +07:00 [INF] CORS policy execution successful.
2026-05-21 23:56:41.301 +07:00 [INF] CORS policy execution successful.
2026-05-21 23:56:41.302 +07:00 [INF] CORS policy execution successful.
2026-05-21 23:56:41.303 +07:00 [INF] Request finished HTTP/1.1 OPTIONS http://localhost:5174/api/analytics - 204 null null 6.3915ms
2026-05-21 23:56:41.303 +07:00 [INF] Request finished HTTP/1.1 OPTIONS http://localhost:5174/api/produk?pageNumber=1&pageSize=10 - 204 null null 6.4557ms
2026-05-21 23:56:41.304 +07:00 [INF] Request finished HTTP/1.1 OPTIONS http://localhost:5174/api/kategori - 204 null null 5.6163ms
2026-05-21 23:56:41.307 +07:00 [INF] Request starting HTTP/1.1 GET http://localhost:5174/api/transaksi/kasbon - null null
2026-05-21 23:56:41.308 +07:00 [INF] Request starting HTTP/1.1 GET http://localhost:5174/api/produk?pageNumber=1&pageSize=100 - null null
2026-05-21 23:56:41.309 +07:00 [INF] Request starting HTTP/1.1 GET http://localhost:5174/api/kategori - null null
2026-05-21 23:56:41.313 +07:00 [INF] CORS policy execution successful.
2026-05-21 23:56:41.313 +07:00 [INF] CORS policy execution successful.
2026-05-21 23:56:41.313 +07:00 [INF] CORS policy execution successful.
2026-05-21 23:56:41.419 +07:00 [INF] Executing endpoint 'TokoApi.Controllers.KategoriController.GetAll (TokoApi)'
2026-05-21 23:56:41.419 +07:00 [INF] Executing endpoint 'TokoApi.Controllers.ProdukController.GetAll (TokoApi)'
2026-05-21 23:56:41.420 +07:00 [INF] Executing endpoint 'TokoApi.Controllers.TransaksiController.GetKasbon (TokoApi)'
2026-05-21 23:56:41.448 +07:00 [INF] Route matched with {action = "GetKasbon", controller = "Transaksi"}. Executing controller action with signature System.Threading.Tasks.Task`1[Microsoft.AspNetCore.Mvc.IActionResult] GetKasbon() on controller TokoApi.Controllers.TransaksiController (TokoApi).
2026-05-21 23:56:41.448 +07:00 [INF] Route matched with {action = "GetAll", controller = "Kategori"}. Executing controller action with signature System.Threading.Tasks.Task`1[Microsoft.AspNetCore.Mvc.IActionResult] GetAll() on controller TokoApi.Controllers.KategoriController (TokoApi).
2026-05-21 23:56:41.450 +07:00 [INF] Route matched with {action = "GetAll", controller = "Produk"}. Executing controller action with signature System.Threading.Tasks.Task`1[Microsoft.AspNetCore.Mvc.IActionResult] GetAll(TokoApi.Helpers.ProdukQuery) on controller TokoApi.Controllers.ProdukController (TokoApi).
2026-05-21 23:56:41.518 +07:00 [INF] Request starting HTTP/1.1 GET http://localhost:5174/api/analytics - null null
2026-05-21 23:56:41.518 +07:00 [INF] Request starting HTTP/1.1 GET http://localhost:5174/api/produk?pageNumber=1&pageSize=10 - null null
2026-05-21 23:56:41.521 +07:00 [INF] CORS policy execution successful.
2026-05-21 23:56:41.523 +07:00 [INF] CORS policy execution successful.
2026-05-21 23:56:41.527 +07:00 [INF] Executing endpoint 'TokoApi.Controllers.ProdukController.GetAll (TokoApi)'
2026-05-21 23:56:41.529 +07:00 [INF] Route matched with {action = "GetAll", controller = "Produk"}. Executing controller action with signature System.Threading.Tasks.Task`1[Microsoft.AspNetCore.Mvc.IActionResult] GetAll(TokoApi.Helpers.ProdukQuery) on controller TokoApi.Controllers.ProdukController (TokoApi).
2026-05-21 23:56:41.529 +07:00 [INF] Executing endpoint 'TokoApi.Controllers.AnalyticsController.GetAnalytics (TokoApi)'
2026-05-21 23:56:41.536 +07:00 [INF] Route matched with {action = "GetAnalytics", controller = "Analytics"}. Executing controller action with signature System.Threading.Tasks.Task`1[Microsoft.AspNetCore.Mvc.IActionResult] GetAnalytics() on controller TokoApi.Controllers.AnalyticsController (TokoApi).
2026-05-21 23:56:41.632 +07:00 [WRN] You do not have a valid license key for the Lucky Penny software AutoMapper. This is allowed for development and testing scenarios. If you are running in production you are required to have a licensed version. Please visit https://luckypennysoftware.com to obtain a valid license.
2026-05-21 23:56:42.286 +07:00 [INF] Executed DbCommand (15ms) [Parameters=[], CommandType='"Text"', CommandTimeout='30']
SELECT `d`.`Id`, `d`.`ExpiryDate`, `d`.`Harga`, `d`.`IsHalal`, `d`.`KategoriId`, `d`.`Nama`, `d`.`Stok`
FROM `DaftarProduk` AS `d`
2026-05-21 23:56:42.291 +07:00 [INF] Executed DbCommand (27ms) [Parameters=[], CommandType='"Text"', CommandTimeout='30']
SELECT `d`.`Id`, `d`.`NamaKategori`, `d0`.`Id`, `d0`.`ExpiryDate`, `d0`.`Harga`, `d0`.`IsHalal`, `d0`.`KategoriId`, `d0`.`Nama`, `d0`.`Stok`
FROM `DaftarKategori` AS `d`
LEFT JOIN `DaftarProduk` AS `d0` ON `d`.`Id` = `d0`.`KategoriId`
ORDER BY `d`.`Id`
2026-05-21 23:56:42.291 +07:00 [INF] Executed DbCommand (27ms) [Parameters=[], CommandType='"Text"', CommandTimeout='30']
SELECT `d`.`Id`, `d`.`JumlahDibayar`, `d`.`Pembeli`, `d`.`StatusPembayaran`, `d`.`TanggalTransaksi`, `d`.`TotalHarga`, `t`.`Id`, `t`.`HargaSatuan`, `t`.`JumlahBeli`, `t`.`ProdukId`, `t`.`SubTotal`, `t`.`TransaksiId`, `t`.`Id0`, `t`.`ExpiryDate`, `t`.`Harga`, `t`.`IsHalal`, `t`.`KategoriId`, `t`.`Nama`, `t`.`Stok`
FROM `DaftarTransaksi` AS `d`
LEFT JOIN (
    SELECT `d0`.`Id`, `d0`.`HargaSatuan`, `d0`.`JumlahBeli`, `d0`.`ProdukId`, `d0`.`SubTotal`, `d0`.`TransaksiId`, `d1`.`Id` AS `Id0`, `d1`.`ExpiryDate`, `d1`.`Harga`, `d1`.`IsHalal`, `d1`.`KategoriId`, `d1`.`Nama`, `d1`.`Stok`
    FROM `DaftarDetailTransaksi` AS `d0`
    INNER JOIN `DaftarProduk` AS `d1` ON `d0`.`ProdukId` = `d1`.`Id`
) AS `t` ON `d`.`Id` = `t`.`TransaksiId`
WHERE `d`.`StatusPembayaran` = 'Kasbon'
ORDER BY `d`.`TanggalTransaksi` DESC, `d`.`Id`, `t`.`Id`
2026-05-21 23:56:42.313 +07:00 [INF] Executed DbCommand (39ms) [Parameters=[@__p_1='?' (DbType = Int32), @__p_0='?' (DbType = Int32)], CommandType='"Text"', CommandTimeout='30']
SELECT `t`.`Id`, `t`.`ExpiryDate`, `t`.`Harga`, `t`.`IsHalal`, `t`.`KategoriId`, `t`.`Nama`, `t`.`Stok`, `d0`.`Id`, `d0`.`NamaKategori`
FROM (
    SELECT `d`.`Id`, `d`.`ExpiryDate`, `d`.`Harga`, `d`.`IsHalal`, `d`.`KategoriId`, `d`.`Nama`, `d`.`Stok`
    FROM `DaftarProduk` AS `d`
    ORDER BY `d`.`Nama`
    LIMIT @__p_1 OFFSET @__p_0
) AS `t`
INNER JOIN `DaftarKategori` AS `d0` ON `t`.`KategoriId` = `d0`.`Id`
ORDER BY `t`.`Nama`
2026-05-21 23:56:42.314 +07:00 [INF] Executed DbCommand (42ms) [Parameters=[@__p_1='?' (DbType = Int32), @__p_0='?' (DbType = Int32)], CommandType='"Text"', CommandTimeout='30']
SELECT `t`.`Id`, `t`.`ExpiryDate`, `t`.`Harga`, `t`.`IsHalal`, `t`.`KategoriId`, `t`.`Nama`, `t`.`Stok`, `d0`.`Id`, `d0`.`NamaKategori`
FROM (
    SELECT `d`.`Id`, `d`.`ExpiryDate`, `d`.`Harga`, `d`.`IsHalal`, `d`.`KategoriId`, `d`.`Nama`, `d`.`Stok`
    FROM `DaftarProduk` AS `d`
    ORDER BY `d`.`Nama`
    LIMIT @__p_1 OFFSET @__p_0
) AS `t`
INNER JOIN `DaftarKategori` AS `d0` ON `t`.`KategoriId` = `d0`.`Id`
ORDER BY `t`.`Nama`
2026-05-21 23:56:42.338 +07:00 [INF] Executing OkObjectResult, writing value of type 'System.Collections.Generic.List`1[[TokoApi.DTOs.TransaksiResponse, TokoApi, Version=1.0.0.0, Culture=neutral, PublicKeyToken=null]]'.
2026-05-21 23:56:42.355 +07:00 [INF] Executing OkObjectResult, writing value of type 'System.Collections.Generic.List`1[[TokoApi.DTOs.KategoriResponse, TokoApi, Version=1.0.0.0, Culture=neutral, PublicKeyToken=null]]'.
2026-05-21 23:56:42.367 +07:00 [INF] Executed action TokoApi.Controllers.TransaksiController.GetKasbon (TokoApi) in 913.1391ms
2026-05-21 23:56:42.367 +07:00 [INF] Executed action TokoApi.Controllers.KategoriController.GetAll (TokoApi) in 913.5491ms
2026-05-21 23:56:42.369 +07:00 [INF] Request starting HTTP/1.1 GET http://localhost:5174/api/kategori - null null
2026-05-21 23:56:42.369 +07:00 [INF] Executed endpoint 'TokoApi.Controllers.TransaksiController.GetKasbon (TokoApi)'
2026-05-21 23:56:42.370 +07:00 [INF] Executed endpoint 'TokoApi.Controllers.KategoriController.GetAll (TokoApi)'
2026-05-21 23:56:42.372 +07:00 [INF] CORS policy execution successful.
2026-05-21 23:56:42.376 +07:00 [INF] Executing endpoint 'TokoApi.Controllers.KategoriController.GetAll (TokoApi)'
2026-05-21 23:56:42.376 +07:00 [INF] HTTP GET /api/kategori responded 200 in 1059.7215 ms
2026-05-21 23:56:42.376 +07:00 [INF] HTTP GET /api/transaksi/kasbon responded 200 in 1059.2896 ms
2026-05-21 23:56:42.376 +07:00 [INF] Executed DbCommand (1ms) [Parameters=[], CommandType='"Text"', CommandTimeout='30']
SELECT COUNT(*)
FROM `DaftarProduk` AS `d`
2026-05-21 23:56:42.376 +07:00 [INF] Executed DbCommand (1ms) [Parameters=[], CommandType='"Text"', CommandTimeout='30']
SELECT COUNT(*)
FROM `DaftarProduk` AS `d`
2026-05-21 23:56:42.376 +07:00 [INF] Executed DbCommand (1ms) [Parameters=[], CommandType='"Text"', CommandTimeout='30']
SELECT COUNT(*)
FROM `DaftarKategori` AS `d`
2026-05-21 23:56:42.377 +07:00 [INF] Route matched with {action = "GetAll", controller = "Kategori"}. Executing controller action with signature System.Threading.Tasks.Task`1[Microsoft.AspNetCore.Mvc.IActionResult] GetAll() on controller TokoApi.Controllers.KategoriController (TokoApi).
2026-05-21 23:56:42.385 +07:00 [INF] Executing OkObjectResult, writing value of type 'System.Collections.Generic.List`1[[TokoApi.DTOs.ProdukResponse, TokoApi, Version=1.0.0.0, Culture=neutral, PublicKeyToken=null]]'.
2026-05-21 23:56:42.385 +07:00 [INF] Executing OkObjectResult, writing value of type 'System.Collections.Generic.List`1[[TokoApi.DTOs.ProdukResponse, TokoApi, Version=1.0.0.0, Culture=neutral, PublicKeyToken=null]]'.
2026-05-21 23:56:42.386 +07:00 [INF] Request finished HTTP/1.1 GET http://localhost:5174/api/kategori - 200 null application/json; charset=utf-8 1076.376ms
2026-05-21 23:56:42.386 +07:00 [INF] Request finished HTTP/1.1 GET http://localhost:5174/api/transaksi/kasbon - 200 null application/json; charset=utf-8 1078.7675ms
2026-05-21 23:56:42.395 +07:00 [INF] Executing OkObjectResult, writing value of type 'TokoApi.DTOs.AnalyticsResponse'.
2026-05-21 23:56:42.399 +07:00 [INF] Executed action TokoApi.Controllers.AnalyticsController.GetAnalytics (TokoApi) in 860.6574ms
2026-05-21 23:56:42.402 +07:00 [INF] Executed action TokoApi.Controllers.ProdukController.GetAll (TokoApi) in 871.0058ms
2026-05-21 23:56:42.402 +07:00 [INF] Executed action TokoApi.Controllers.ProdukController.GetAll (TokoApi) in 947.9684ms
2026-05-21 23:56:42.403 +07:00 [INF] Executed endpoint 'TokoApi.Controllers.AnalyticsController.GetAnalytics (TokoApi)'
2026-05-21 23:56:42.404 +07:00 [INF] Executed endpoint 'TokoApi.Controllers.ProdukController.GetAll (TokoApi)'
2026-05-21 23:56:42.405 +07:00 [INF] Executed endpoint 'TokoApi.Controllers.ProdukController.GetAll (TokoApi)'
2026-05-21 23:56:42.406 +07:00 [INF] HTTP GET /api/analytics responded 200 in 882.1243 ms
2026-05-21 23:56:42.407 +07:00 [INF] HTTP GET /api/produk responded 200 in 881.8349 ms
2026-05-21 23:56:42.408 +07:00 [INF] HTTP GET /api/produk responded 200 in 1093.5365 ms
2026-05-21 23:56:42.411 +07:00 [INF] Request finished HTTP/1.1 GET http://localhost:5174/api/analytics - 200 null application/json; charset=utf-8 892.8074ms
2026-05-21 23:56:42.412 +07:00 [INF] Request finished HTTP/1.1 GET http://localhost:5174/api/produk?pageNumber=1&pageSize=10 - 200 null application/json; charset=utf-8 894.2913ms
2026-05-21 23:56:42.415 +07:00 [INF] Request finished HTTP/1.1 GET http://localhost:5174/api/produk?pageNumber=1&pageSize=100 - 200 null application/json; charset=utf-8 1106.5035ms
2026-05-21 23:56:42.443 +07:00 [INF] Executed DbCommand (5ms) [Parameters=[], CommandType='"Text"', CommandTimeout='30']
SELECT `d`.`Id`, `d`.`NamaKategori`, `d0`.`Id`, `d0`.`ExpiryDate`, `d0`.`Harga`, `d0`.`IsHalal`, `d0`.`KategoriId`, `d0`.`Nama`, `d0`.`Stok`
FROM `DaftarKategori` AS `d`
LEFT JOIN `DaftarProduk` AS `d0` ON `d`.`Id` = `d0`.`KategoriId`
ORDER BY `d`.`Id`
2026-05-21 23:56:42.453 +07:00 [INF] Executing OkObjectResult, writing value of type 'System.Collections.Generic.List`1[[TokoApi.DTOs.KategoriResponse, TokoApi, Version=1.0.0.0, Culture=neutral, PublicKeyToken=null]]'.
2026-05-21 23:56:42.455 +07:00 [INF] Executed action TokoApi.Controllers.KategoriController.GetAll (TokoApi) in 66.1949ms
2026-05-21 23:56:42.456 +07:00 [INF] Executed endpoint 'TokoApi.Controllers.KategoriController.GetAll (TokoApi)'
2026-05-21 23:56:42.457 +07:00 [INF] HTTP GET /api/kategori responded 200 in 82.0150 ms
2026-05-21 23:56:42.459 +07:00 [INF] Request finished HTTP/1.1 GET http://localhost:5174/api/kategori - 200 null application/json; charset=utf-8 90.3682ms
2026-05-21 23:56:58.126 +07:00 [INF] Request starting HTTP/1.1 OPTIONS http://localhost:5174/api/transaksi/kasbon - null null
2026-05-21 23:56:58.126 +07:00 [INF] Request starting HTTP/1.1 OPTIONS http://localhost:5174/api/produk?pageNumber=1&pageSize=100 - null null
2026-05-21 23:56:58.126 +07:00 [INF] Request starting HTTP/1.1 OPTIONS http://localhost:5174/api/kategori - null null
2026-05-21 23:56:58.128 +07:00 [INF] CORS policy execution successful.
2026-05-21 23:56:58.129 +07:00 [INF] CORS policy execution successful.
2026-05-21 23:56:58.130 +07:00 [INF] CORS policy execution successful.
2026-05-21 23:56:58.132 +07:00 [INF] Request finished HTTP/1.1 OPTIONS http://localhost:5174/api/produk?pageNumber=1&pageSize=100 - 204 null null 6.297ms
2026-05-21 23:56:58.132 +07:00 [INF] Request finished HTTP/1.1 OPTIONS http://localhost:5174/api/transaksi/kasbon - 204 null null 6.0817ms
2026-05-21 23:56:58.135 +07:00 [INF] Request finished HTTP/1.1 OPTIONS http://localhost:5174/api/kategori - 204 null null 8.8809ms
2026-05-21 23:56:58.139 +07:00 [INF] Request starting HTTP/1.1 GET http://localhost:5174/api/transaksi/kasbon - null null
2026-05-21 23:56:58.141 +07:00 [INF] Request starting HTTP/1.1 GET http://localhost:5174/api/produk?pageNumber=1&pageSize=100 - null null
2026-05-21 23:56:58.144 +07:00 [INF] Request starting HTTP/1.1 GET http://localhost:5174/api/kategori - null null
2026-05-21 23:56:58.145 +07:00 [INF] CORS policy execution successful.
2026-05-21 23:56:58.147 +07:00 [INF] CORS policy execution successful.
2026-05-21 23:56:58.149 +07:00 [INF] CORS policy execution successful.
2026-05-21 23:56:58.150 +07:00 [INF] Executing endpoint 'TokoApi.Controllers.ProdukController.GetAll (TokoApi)'
2026-05-21 23:56:58.151 +07:00 [INF] Executing endpoint 'TokoApi.Controllers.KategoriController.GetAll (TokoApi)'
2026-05-21 23:56:58.152 +07:00 [INF] Route matched with {action = "GetAll", controller = "Produk"}. Executing controller action with signature System.Threading.Tasks.Task`1[Microsoft.AspNetCore.Mvc.IActionResult] GetAll(TokoApi.Helpers.ProdukQuery) on controller TokoApi.Controllers.ProdukController (TokoApi).
2026-05-21 23:56:58.154 +07:00 [INF] Route matched with {action = "GetAll", controller = "Kategori"}. Executing controller action with signature System.Threading.Tasks.Task`1[Microsoft.AspNetCore.Mvc.IActionResult] GetAll() on controller TokoApi.Controllers.KategoriController (TokoApi).
2026-05-21 23:56:58.154 +07:00 [INF] Executing endpoint 'TokoApi.Controllers.TransaksiController.GetKasbon (TokoApi)'
2026-05-21 23:56:58.158 +07:00 [INF] Route matched with {action = "GetKasbon", controller = "Transaksi"}. Executing controller action with signature System.Threading.Tasks.Task`1[Microsoft.AspNetCore.Mvc.IActionResult] GetKasbon() on controller TokoApi.Controllers.TransaksiController (TokoApi).
2026-05-21 23:56:58.176 +07:00 [INF] Executed DbCommand (15ms) [Parameters=[], CommandType='"Text"', CommandTimeout='30']
SELECT `d`.`Id`, `d`.`JumlahDibayar`, `d`.`Pembeli`, `d`.`StatusPembayaran`, `d`.`TanggalTransaksi`, `d`.`TotalHarga`, `t`.`Id`, `t`.`HargaSatuan`, `t`.`JumlahBeli`, `t`.`ProdukId`, `t`.`SubTotal`, `t`.`TransaksiId`, `t`.`Id0`, `t`.`ExpiryDate`, `t`.`Harga`, `t`.`IsHalal`, `t`.`KategoriId`, `t`.`Nama`, `t`.`Stok`
FROM `DaftarTransaksi` AS `d`
LEFT JOIN (
    SELECT `d0`.`Id`, `d0`.`HargaSatuan`, `d0`.`JumlahBeli`, `d0`.`ProdukId`, `d0`.`SubTotal`, `d0`.`TransaksiId`, `d1`.`Id` AS `Id0`, `d1`.`ExpiryDate`, `d1`.`Harga`, `d1`.`IsHalal`, `d1`.`KategoriId`, `d1`.`Nama`, `d1`.`Stok`
    FROM `DaftarDetailTransaksi` AS `d0`
    INNER JOIN `DaftarProduk` AS `d1` ON `d0`.`ProdukId` = `d1`.`Id`
) AS `t` ON `d`.`Id` = `t`.`TransaksiId`
WHERE `d`.`StatusPembayaran` = 'Kasbon'
ORDER BY `d`.`TanggalTransaksi` DESC, `d`.`Id`, `t`.`Id`
2026-05-21 23:56:58.176 +07:00 [INF] Executed DbCommand (15ms) [Parameters=[@__p_1='?' (DbType = Int32), @__p_0='?' (DbType = Int32)], CommandType='"Text"', CommandTimeout='30']
SELECT `t`.`Id`, `t`.`ExpiryDate`, `t`.`Harga`, `t`.`IsHalal`, `t`.`KategoriId`, `t`.`Nama`, `t`.`Stok`, `d0`.`Id`, `d0`.`NamaKategori`
FROM (
    SELECT `d`.`Id`, `d`.`ExpiryDate`, `d`.`Harga`, `d`.`IsHalal`, `d`.`KategoriId`, `d`.`Nama`, `d`.`Stok`
    FROM `DaftarProduk` AS `d`
    ORDER BY `d`.`Nama`
    LIMIT @__p_1 OFFSET @__p_0
) AS `t`
INNER JOIN `DaftarKategori` AS `d0` ON `t`.`KategoriId` = `d0`.`Id`
ORDER BY `t`.`Nama`
2026-05-21 23:56:58.179 +07:00 [INF] Executed DbCommand (18ms) [Parameters=[], CommandType='"Text"', CommandTimeout='30']
SELECT `d`.`Id`, `d`.`NamaKategori`, `d0`.`Id`, `d0`.`ExpiryDate`, `d0`.`Harga`, `d0`.`IsHalal`, `d0`.`KategoriId`, `d0`.`Nama`, `d0`.`Stok`
FROM `DaftarKategori` AS `d`
LEFT JOIN `DaftarProduk` AS `d0` ON `d`.`Id` = `d0`.`KategoriId`
ORDER BY `d`.`Id`
2026-05-21 23:56:58.179 +07:00 [INF] Executing OkObjectResult, writing value of type 'System.Collections.Generic.List`1[[TokoApi.DTOs.TransaksiResponse, TokoApi, Version=1.0.0.0, Culture=neutral, PublicKeyToken=null]]'.
2026-05-21 23:56:58.183 +07:00 [INF] Executing OkObjectResult, writing value of type 'System.Collections.Generic.List`1[[TokoApi.DTOs.KategoriResponse, TokoApi, Version=1.0.0.0, Culture=neutral, PublicKeyToken=null]]'.
2026-05-21 23:56:58.184 +07:00 [INF] Executed DbCommand (0ms) [Parameters=[], CommandType='"Text"', CommandTimeout='30']
SELECT COUNT(*)
FROM `DaftarProduk` AS `d`
2026-05-21 23:56:58.184 +07:00 [INF] Executed action TokoApi.Controllers.TransaksiController.GetKasbon (TokoApi) in 24.876ms
2026-05-21 23:56:58.186 +07:00 [INF] Executed action TokoApi.Controllers.KategoriController.GetAll (TokoApi) in 29.0052ms
2026-05-21 23:56:58.187 +07:00 [INF] Executing OkObjectResult, writing value of type 'System.Collections.Generic.List`1[[TokoApi.DTOs.ProdukResponse, TokoApi, Version=1.0.0.0, Culture=neutral, PublicKeyToken=null]]'.
2026-05-21 23:56:58.188 +07:00 [INF] Executed endpoint 'TokoApi.Controllers.TransaksiController.GetKasbon (TokoApi)'
2026-05-21 23:56:58.189 +07:00 [INF] Executed endpoint 'TokoApi.Controllers.KategoriController.GetAll (TokoApi)'
2026-05-21 23:56:58.191 +07:00 [INF] Executed action TokoApi.Controllers.ProdukController.GetAll (TokoApi) in 35.4562ms
2026-05-21 23:56:58.192 +07:00 [INF] HTTP GET /api/transaksi/kasbon responded 200 in 42.4050 ms
2026-05-21 23:56:58.193 +07:00 [INF] HTTP GET /api/kategori responded 200 in 42.2699 ms
2026-05-21 23:56:58.195 +07:00 [INF] Executed endpoint 'TokoApi.Controllers.ProdukController.GetAll (TokoApi)'
2026-05-21 23:56:58.196 +07:00 [INF] Request finished HTTP/1.1 GET http://localhost:5174/api/transaksi/kasbon - 200 null application/json; charset=utf-8 57.5361ms
2026-05-21 23:56:58.197 +07:00 [INF] Request finished HTTP/1.1 GET http://localhost:5174/api/kategori - 200 null application/json; charset=utf-8 53.6525ms
2026-05-21 23:56:58.198 +07:00 [INF] HTTP GET /api/produk responded 200 in 48.3368 ms
2026-05-21 23:56:58.204 +07:00 [INF] Request finished HTTP/1.1 GET http://localhost:5174/api/produk?pageNumber=1&pageSize=100 - 200 null application/json; charset=utf-8 63.0944ms
2026-05-21 23:57:03.404 +07:00 [INF] Request starting HTTP/1.1 OPTIONS http://localhost:5174/api/auth/login - null null
2026-05-21 23:57:03.406 +07:00 [INF] CORS policy execution successful.
2026-05-21 23:57:03.407 +07:00 [INF] Request finished HTTP/1.1 OPTIONS http://localhost:5174/api/auth/login - 204 null null 3.1243ms
2026-05-21 23:57:03.410 +07:00 [INF] Request starting HTTP/1.1 POST http://localhost:5174/api/auth/login - application/json 41
2026-05-21 23:57:03.412 +07:00 [INF] CORS policy execution successful.
2026-05-21 23:57:03.413 +07:00 [INF] Executing endpoint 'TokoApi.Controllers.AuthController.Login (TokoApi)'
2026-05-21 23:57:03.416 +07:00 [INF] Route matched with {action = "Login", controller = "Auth"}. Executing controller action with signature Microsoft.AspNetCore.Mvc.IActionResult Login(TokoApi.DTOs.LoginRequest) on controller TokoApi.Controllers.AuthController (TokoApi).
2026-05-21 23:57:03.431 +07:00 [INF] Executing OkObjectResult, writing value of type '<>f__AnonymousType1`4[[System.String, System.Private.CoreLib, Version=8.0.0.0, Culture=neutral, PublicKeyToken=7cec85d7bea7798e],[System.String, System.Private.CoreLib, Version=8.0.0.0, Culture=neutral, PublicKeyToken=7cec85d7bea7798e],[System.String, System.Private.CoreLib, Version=8.0.0.0, Culture=neutral, PublicKeyToken=7cec85d7bea7798e],[System.DateTime, System.Private.CoreLib, Version=8.0.0.0, Culture=neutral, PublicKeyToken=7cec85d7bea7798e]]'.
2026-05-21 23:57:03.439 +07:00 [INF] Executed action TokoApi.Controllers.AuthController.Login (TokoApi) in 21.7761ms
2026-05-21 23:57:03.441 +07:00 [INF] Executed endpoint 'TokoApi.Controllers.AuthController.Login (TokoApi)'
2026-05-21 23:57:03.441 +07:00 [INF] HTTP POST /api/auth/login responded 200 in 29.0256 ms
2026-05-21 23:57:03.443 +07:00 [INF] Request finished HTTP/1.1 POST http://localhost:5174/api/auth/login - 200 null application/json; charset=utf-8 32.8518ms
2026-05-21 23:57:03.672 +07:00 [INF] Request starting HTTP/1.1 OPTIONS http://localhost:5174/api/kategori - null null
2026-05-21 23:57:03.672 +07:00 [INF] Request starting HTTP/1.1 OPTIONS http://localhost:5174/api/produk?pageNumber=1&pageSize=100 - null null
2026-05-21 23:57:03.672 +07:00 [INF] Request starting HTTP/1.1 OPTIONS http://localhost:5174/api/transaksi/kasbon - null null
2026-05-21 23:57:03.673 +07:00 [INF] CORS policy execution successful.
2026-05-21 23:57:03.675 +07:00 [INF] CORS policy execution successful.
2026-05-21 23:57:03.677 +07:00 [INF] CORS policy execution successful.
2026-05-21 23:57:03.678 +07:00 [INF] Request finished HTTP/1.1 OPTIONS http://localhost:5174/api/kategori - 204 null null 5.9287ms
2026-05-21 23:57:03.678 +07:00 [INF] Request finished HTTP/1.1 OPTIONS http://localhost:5174/api/produk?pageNumber=1&pageSize=100 - 204 null null 6.5679ms
2026-05-21 23:57:03.679 +07:00 [INF] Request finished HTTP/1.1 OPTIONS http://localhost:5174/api/transaksi/kasbon - 204 null null 7.2394ms
2026-05-21 23:57:03.682 +07:00 [INF] Request starting HTTP/1.1 GET http://localhost:5174/api/transaksi/kasbon - null null
2026-05-21 23:57:03.686 +07:00 [INF] Request starting HTTP/1.1 GET http://localhost:5174/api/produk?pageNumber=1&pageSize=100 - null null
2026-05-21 23:57:03.690 +07:00 [INF] Request starting HTTP/1.1 GET http://localhost:5174/api/kategori - null null
2026-05-21 23:57:03.692 +07:00 [INF] CORS policy execution successful.
2026-05-21 23:57:03.694 +07:00 [INF] CORS policy execution successful.
2026-05-21 23:57:03.695 +07:00 [INF] CORS policy execution successful.
2026-05-21 23:57:03.698 +07:00 [INF] Executing endpoint 'TokoApi.Controllers.TransaksiController.GetKasbon (TokoApi)'
2026-05-21 23:57:03.698 +07:00 [INF] Executing endpoint 'TokoApi.Controllers.ProdukController.GetAll (TokoApi)'
2026-05-21 23:57:03.699 +07:00 [INF] Executing endpoint 'TokoApi.Controllers.KategoriController.GetAll (TokoApi)'
2026-05-21 23:57:03.699 +07:00 [INF] Route matched with {action = "GetKasbon", controller = "Transaksi"}. Executing controller action with signature System.Threading.Tasks.Task`1[Microsoft.AspNetCore.Mvc.IActionResult] GetKasbon() on controller TokoApi.Controllers.TransaksiController (TokoApi).
2026-05-21 23:57:03.700 +07:00 [INF] Route matched with {action = "GetAll", controller = "Produk"}. Executing controller action with signature System.Threading.Tasks.Task`1[Microsoft.AspNetCore.Mvc.IActionResult] GetAll(TokoApi.Helpers.ProdukQuery) on controller TokoApi.Controllers.ProdukController (TokoApi).
2026-05-21 23:57:03.701 +07:00 [INF] Route matched with {action = "GetAll", controller = "Kategori"}. Executing controller action with signature System.Threading.Tasks.Task`1[Microsoft.AspNetCore.Mvc.IActionResult] GetAll() on controller TokoApi.Controllers.KategoriController (TokoApi).
2026-05-21 23:57:03.720 +07:00 [INF] Executed DbCommand (14ms) [Parameters=[], CommandType='"Text"', CommandTimeout='30']
SELECT `d`.`Id`, `d`.`JumlahDibayar`, `d`.`Pembeli`, `d`.`StatusPembayaran`, `d`.`TanggalTransaksi`, `d`.`TotalHarga`, `t`.`Id`, `t`.`HargaSatuan`, `t`.`JumlahBeli`, `t`.`ProdukId`, `t`.`SubTotal`, `t`.`TransaksiId`, `t`.`Id0`, `t`.`ExpiryDate`, `t`.`Harga`, `t`.`IsHalal`, `t`.`KategoriId`, `t`.`Nama`, `t`.`Stok`
FROM `DaftarTransaksi` AS `d`
LEFT JOIN (
    SELECT `d0`.`Id`, `d0`.`HargaSatuan`, `d0`.`JumlahBeli`, `d0`.`ProdukId`, `d0`.`SubTotal`, `d0`.`TransaksiId`, `d1`.`Id` AS `Id0`, `d1`.`ExpiryDate`, `d1`.`Harga`, `d1`.`IsHalal`, `d1`.`KategoriId`, `d1`.`Nama`, `d1`.`Stok`
    FROM `DaftarDetailTransaksi` AS `d0`
    INNER JOIN `DaftarProduk` AS `d1` ON `d0`.`ProdukId` = `d1`.`Id`
) AS `t` ON `d`.`Id` = `t`.`TransaksiId`
WHERE `d`.`StatusPembayaran` = 'Kasbon'
ORDER BY `d`.`TanggalTransaksi` DESC, `d`.`Id`, `t`.`Id`
2026-05-21 23:57:03.720 +07:00 [INF] Executed DbCommand (13ms) [Parameters=[@__p_1='?' (DbType = Int32), @__p_0='?' (DbType = Int32)], CommandType='"Text"', CommandTimeout='30']
SELECT `t`.`Id`, `t`.`ExpiryDate`, `t`.`Harga`, `t`.`IsHalal`, `t`.`KategoriId`, `t`.`Nama`, `t`.`Stok`, `d0`.`Id`, `d0`.`NamaKategori`
FROM (
    SELECT `d`.`Id`, `d`.`ExpiryDate`, `d`.`Harga`, `d`.`IsHalal`, `d`.`KategoriId`, `d`.`Nama`, `d`.`Stok`
    FROM `DaftarProduk` AS `d`
    ORDER BY `d`.`Nama`
    LIMIT @__p_1 OFFSET @__p_0
) AS `t`
INNER JOIN `DaftarKategori` AS `d0` ON `t`.`KategoriId` = `d0`.`Id`
ORDER BY `t`.`Nama`
2026-05-21 23:57:03.720 +07:00 [INF] Executed DbCommand (14ms) [Parameters=[], CommandType='"Text"', CommandTimeout='30']
SELECT `d`.`Id`, `d`.`NamaKategori`, `d0`.`Id`, `d0`.`ExpiryDate`, `d0`.`Harga`, `d0`.`IsHalal`, `d0`.`KategoriId`, `d0`.`Nama`, `d0`.`Stok`
FROM `DaftarKategori` AS `d`
LEFT JOIN `DaftarProduk` AS `d0` ON `d`.`Id` = `d0`.`KategoriId`
ORDER BY `d`.`Id`
2026-05-21 23:57:03.723 +07:00 [INF] Executing OkObjectResult, writing value of type 'System.Collections.Generic.List`1[[TokoApi.DTOs.TransaksiResponse, TokoApi, Version=1.0.0.0, Culture=neutral, PublicKeyToken=null]]'.
2026-05-21 23:57:03.726 +07:00 [INF] Executing OkObjectResult, writing value of type 'System.Collections.Generic.List`1[[TokoApi.DTOs.KategoriResponse, TokoApi, Version=1.0.0.0, Culture=neutral, PublicKeyToken=null]]'.
2026-05-21 23:57:03.726 +07:00 [INF] Executed DbCommand (0ms) [Parameters=[], CommandType='"Text"', CommandTimeout='30']
SELECT COUNT(*)
FROM `DaftarProduk` AS `d`
2026-05-21 23:57:03.726 +07:00 [INF] Executed action TokoApi.Controllers.TransaksiController.GetKasbon (TokoApi) in 23.8815ms
2026-05-21 23:57:03.727 +07:00 [INF] Executed action TokoApi.Controllers.KategoriController.GetAll (TokoApi) in 21.9689ms
2026-05-21 23:57:03.729 +07:00 [INF] Executing OkObjectResult, writing value of type 'System.Collections.Generic.List`1[[TokoApi.DTOs.ProdukResponse, TokoApi, Version=1.0.0.0, Culture=neutral, PublicKeyToken=null]]'.
2026-05-21 23:57:03.730 +07:00 [INF] Executed endpoint 'TokoApi.Controllers.TransaksiController.GetKasbon (TokoApi)'
2026-05-21 23:57:03.731 +07:00 [INF] Executed endpoint 'TokoApi.Controllers.KategoriController.GetAll (TokoApi)'
2026-05-21 23:57:03.732 +07:00 [INF] Executed action TokoApi.Controllers.ProdukController.GetAll (TokoApi) in 28.4556ms
2026-05-21 23:57:03.733 +07:00 [INF] HTTP GET /api/transaksi/kasbon responded 200 in 36.3133 ms
2026-05-21 23:57:03.733 +07:00 [INF] HTTP GET /api/kategori responded 200 in 35.1588 ms
2026-05-21 23:57:03.734 +07:00 [INF] Executed endpoint 'TokoApi.Controllers.ProdukController.GetAll (TokoApi)'
2026-05-21 23:57:03.735 +07:00 [INF] Request finished HTTP/1.1 GET http://localhost:5174/api/transaksi/kasbon - 200 null application/json; charset=utf-8 53.3244ms
2026-05-21 23:57:03.736 +07:00 [INF] Request finished HTTP/1.1 GET http://localhost:5174/api/kategori - 200 null application/json; charset=utf-8 46.0957ms
2026-05-21 23:57:03.737 +07:00 [INF] HTTP GET /api/produk responded 200 in 39.7473 ms
2026-05-21 23:57:03.746 +07:00 [INF] Request finished HTTP/1.1 GET http://localhost:5174/api/produk?pageNumber=1&pageSize=100 - 200 null application/json; charset=utf-8 58.4386ms
2026-05-21 23:57:15.472 +07:00 [INF] Request starting HTTP/1.1 OPTIONS http://localhost:5174/api/produk?pageNumber=1&pageSize=100 - null null
2026-05-21 23:57:15.472 +07:00 [INF] Request starting HTTP/1.1 OPTIONS http://localhost:5174/api/kategori - null null
2026-05-21 23:57:15.472 +07:00 [INF] Request starting HTTP/1.1 OPTIONS http://localhost:5174/api/transaksi/kasbon - null null
2026-05-21 23:57:15.475 +07:00 [INF] CORS policy execution successful.
2026-05-21 23:57:15.476 +07:00 [INF] CORS policy execution successful.
2026-05-21 23:57:15.478 +07:00 [INF] CORS policy execution successful.
2026-05-21 23:57:15.495 +07:00 [INF] Request finished HTTP/1.1 OPTIONS http://localhost:5174/api/produk?pageNumber=1&pageSize=100 - 204 null null 21.1472ms
2026-05-21 23:57:15.496 +07:00 [INF] Request finished HTTP/1.1 OPTIONS http://localhost:5174/api/kategori - 204 null null 23.6576ms
2026-05-21 23:57:15.497 +07:00 [INF] Request finished HTTP/1.1 OPTIONS http://localhost:5174/api/transaksi/kasbon - 204 null null 24.3954ms
2026-05-21 23:57:15.499 +07:00 [INF] Request starting HTTP/1.1 GET http://localhost:5174/api/produk?pageNumber=1&pageSize=100 - null null
2026-05-21 23:57:15.505 +07:00 [INF] Request starting HTTP/1.1 GET http://localhost:5174/api/kategori - null null
2026-05-21 23:57:15.509 +07:00 [INF] Request starting HTTP/1.1 GET http://localhost:5174/api/transaksi/kasbon - null null
2026-05-21 23:57:15.510 +07:00 [INF] CORS policy execution successful.
2026-05-21 23:57:15.513 +07:00 [INF] CORS policy execution successful.
2026-05-21 23:57:15.518 +07:00 [INF] CORS policy execution successful.
2026-05-21 23:57:15.519 +07:00 [INF] Executing endpoint 'TokoApi.Controllers.ProdukController.GetAll (TokoApi)'
2026-05-21 23:57:15.520 +07:00 [INF] Executing endpoint 'TokoApi.Controllers.KategoriController.GetAll (TokoApi)'
2026-05-21 23:57:15.522 +07:00 [INF] Executing endpoint 'TokoApi.Controllers.TransaksiController.GetKasbon (TokoApi)'
2026-05-21 23:57:15.522 +07:00 [INF] Route matched with {action = "GetAll", controller = "Produk"}. Executing controller action with signature System.Threading.Tasks.Task`1[Microsoft.AspNetCore.Mvc.IActionResult] GetAll(TokoApi.Helpers.ProdukQuery) on controller TokoApi.Controllers.ProdukController (TokoApi).
2026-05-21 23:57:15.523 +07:00 [INF] Route matched with {action = "GetAll", controller = "Kategori"}. Executing controller action with signature System.Threading.Tasks.Task`1[Microsoft.AspNetCore.Mvc.IActionResult] GetAll() on controller TokoApi.Controllers.KategoriController (TokoApi).
2026-05-21 23:57:15.524 +07:00 [INF] Route matched with {action = "GetKasbon", controller = "Transaksi"}. Executing controller action with signature System.Threading.Tasks.Task`1[Microsoft.AspNetCore.Mvc.IActionResult] GetKasbon() on controller TokoApi.Controllers.TransaksiController (TokoApi).
2026-05-21 23:57:15.545 +07:00 [INF] Executed DbCommand (16ms) [Parameters=[], CommandType='"Text"', CommandTimeout='30']
SELECT `d`.`Id`, `d`.`NamaKategori`, `d0`.`Id`, `d0`.`ExpiryDate`, `d0`.`Harga`, `d0`.`IsHalal`, `d0`.`KategoriId`, `d0`.`Nama`, `d0`.`Stok`
FROM `DaftarKategori` AS `d`
LEFT JOIN `DaftarProduk` AS `d0` ON `d`.`Id` = `d0`.`KategoriId`
ORDER BY `d`.`Id`
2026-05-21 23:57:15.545 +07:00 [INF] Executed DbCommand (16ms) [Parameters=[@__p_1='?' (DbType = Int32), @__p_0='?' (DbType = Int32)], CommandType='"Text"', CommandTimeout='30']
SELECT `t`.`Id`, `t`.`ExpiryDate`, `t`.`Harga`, `t`.`IsHalal`, `t`.`KategoriId`, `t`.`Nama`, `t`.`Stok`, `d0`.`Id`, `d0`.`NamaKategori`
FROM (
    SELECT `d`.`Id`, `d`.`ExpiryDate`, `d`.`Harga`, `d`.`IsHalal`, `d`.`KategoriId`, `d`.`Nama`, `d`.`Stok`
    FROM `DaftarProduk` AS `d`
    ORDER BY `d`.`Nama`
    LIMIT @__p_1 OFFSET @__p_0
) AS `t`
INNER JOIN `DaftarKategori` AS `d0` ON `t`.`KategoriId` = `d0`.`Id`
ORDER BY `t`.`Nama`
2026-05-21 23:57:15.546 +07:00 [INF] Executed DbCommand (15ms) [Parameters=[], CommandType='"Text"', CommandTimeout='30']
SELECT `d`.`Id`, `d`.`JumlahDibayar`, `d`.`Pembeli`, `d`.`StatusPembayaran`, `d`.`TanggalTransaksi`, `d`.`TotalHarga`, `t`.`Id`, `t`.`HargaSatuan`, `t`.`JumlahBeli`, `t`.`ProdukId`, `t`.`SubTotal`, `t`.`TransaksiId`, `t`.`Id0`, `t`.`ExpiryDate`, `t`.`Harga`, `t`.`IsHalal`, `t`.`KategoriId`, `t`.`Nama`, `t`.`Stok`
FROM `DaftarTransaksi` AS `d`
LEFT JOIN (
    SELECT `d0`.`Id`, `d0`.`HargaSatuan`, `d0`.`JumlahBeli`, `d0`.`ProdukId`, `d0`.`SubTotal`, `d0`.`TransaksiId`, `d1`.`Id` AS `Id0`, `d1`.`ExpiryDate`, `d1`.`Harga`, `d1`.`IsHalal`, `d1`.`KategoriId`, `d1`.`Nama`, `d1`.`Stok`
    FROM `DaftarDetailTransaksi` AS `d0`
    INNER JOIN `DaftarProduk` AS `d1` ON `d0`.`ProdukId` = `d1`.`Id`
) AS `t` ON `d`.`Id` = `t`.`TransaksiId`
WHERE `d`.`StatusPembayaran` = 'Kasbon'
ORDER BY `d`.`TanggalTransaksi` DESC, `d`.`Id`, `t`.`Id`
2026-05-21 23:57:15.547 +07:00 [INF] Executing OkObjectResult, writing value of type 'System.Collections.Generic.List`1[[TokoApi.DTOs.KategoriResponse, TokoApi, Version=1.0.0.0, Culture=neutral, PublicKeyToken=null]]'.
2026-05-21 23:57:15.552 +07:00 [INF] Executing OkObjectResult, writing value of type 'System.Collections.Generic.List`1[[TokoApi.DTOs.TransaksiResponse, TokoApi, Version=1.0.0.0, Culture=neutral, PublicKeyToken=null]]'.
2026-05-21 23:57:15.552 +07:00 [INF] Executed DbCommand (0ms) [Parameters=[], CommandType='"Text"', CommandTimeout='30']
SELECT COUNT(*)
FROM `DaftarProduk` AS `d`
2026-05-21 23:57:15.553 +07:00 [INF] Executed action TokoApi.Controllers.KategoriController.GetAll (TokoApi) in 25.612ms
2026-05-21 23:57:15.554 +07:00 [INF] Executed action TokoApi.Controllers.TransaksiController.GetKasbon (TokoApi) in 25.1184ms
2026-05-21 23:57:15.557 +07:00 [INF] Executing OkObjectResult, writing value of type 'System.Collections.Generic.List`1[[TokoApi.DTOs.ProdukResponse, TokoApi, Version=1.0.0.0, Culture=neutral, PublicKeyToken=null]]'.
2026-05-21 23:57:15.557 +07:00 [INF] Executed endpoint 'TokoApi.Controllers.KategoriController.GetAll (TokoApi)'
2026-05-21 23:57:15.559 +07:00 [INF] Executed endpoint 'TokoApi.Controllers.TransaksiController.GetKasbon (TokoApi)'
2026-05-21 23:57:15.560 +07:00 [INF] Executed action TokoApi.Controllers.ProdukController.GetAll (TokoApi) in 34.0533ms
2026-05-21 23:57:15.561 +07:00 [INF] HTTP GET /api/kategori responded 200 in 40.8137 ms
2026-05-21 23:57:15.562 +07:00 [INF] HTTP GET /api/transaksi/kasbon responded 200 in 41.6224 ms
2026-05-21 23:57:15.564 +07:00 [INF] Executed endpoint 'TokoApi.Controllers.ProdukController.GetAll (TokoApi)'
2026-05-21 23:57:15.565 +07:00 [INF] Request finished HTTP/1.1 GET http://localhost:5174/api/kategori - 200 null application/json; charset=utf-8 60.4336ms
2026-05-21 23:57:15.566 +07:00 [INF] Request finished HTTP/1.1 GET http://localhost:5174/api/transaksi/kasbon - 200 null application/json; charset=utf-8 57.5802ms
2026-05-21 23:57:15.567 +07:00 [INF] HTTP GET /api/produk responded 200 in 48.0720 ms
2026-05-21 23:57:15.575 +07:00 [INF] Request finished HTTP/1.1 GET http://localhost:5174/api/produk?pageNumber=1&pageSize=100 - 200 null application/json; charset=utf-8 76.1611ms
2026-05-21 23:58:14.527 +07:00 [INF] Request starting HTTP/1.1 OPTIONS http://localhost:5174/api/kategori - null null
2026-05-21 23:58:14.527 +07:00 [INF] Request starting HTTP/1.1 OPTIONS http://localhost:5174/api/transaksi/kasbon - null null
2026-05-21 23:58:14.527 +07:00 [INF] Request starting HTTP/1.1 OPTIONS http://localhost:5174/api/produk?pageNumber=1&pageSize=100 - null null
2026-05-21 23:58:14.528 +07:00 [INF] CORS policy execution successful.
2026-05-21 23:58:14.530 +07:00 [INF] CORS policy execution successful.
2026-05-21 23:58:14.531 +07:00 [INF] CORS policy execution successful.
2026-05-21 23:58:14.533 +07:00 [INF] Request finished HTTP/1.1 OPTIONS http://localhost:5174/api/kategori - 204 null null 6.1395ms
2026-05-21 23:58:14.533 +07:00 [INF] Request finished HTTP/1.1 OPTIONS http://localhost:5174/api/transaksi/kasbon - 204 null null 6.4309ms
2026-05-21 23:58:14.534 +07:00 [INF] Request finished HTTP/1.1 OPTIONS http://localhost:5174/api/produk?pageNumber=1&pageSize=100 - 204 null null 7.5324ms
2026-05-21 23:58:14.537 +07:00 [INF] Request starting HTTP/1.1 GET http://localhost:5174/api/produk?pageNumber=1&pageSize=100 - null null
2026-05-21 23:58:14.539 +07:00 [INF] Request starting HTTP/1.1 GET http://localhost:5174/api/transaksi/kasbon - null null
2026-05-21 23:58:14.545 +07:00 [INF] Request starting HTTP/1.1 GET http://localhost:5174/api/kategori - null null
2026-05-21 23:58:14.547 +07:00 [INF] CORS policy execution successful.
2026-05-21 23:58:14.549 +07:00 [INF] CORS policy execution successful.
2026-05-21 23:58:14.551 +07:00 [INF] CORS policy execution successful.
2026-05-21 23:58:14.552 +07:00 [INF] Executing endpoint 'TokoApi.Controllers.ProdukController.GetAll (TokoApi)'
2026-05-21 23:58:14.553 +07:00 [INF] Executing endpoint 'TokoApi.Controllers.TransaksiController.GetKasbon (TokoApi)'
2026-05-21 23:58:14.553 +07:00 [INF] Executing endpoint 'TokoApi.Controllers.KategoriController.GetAll (TokoApi)'
2026-05-21 23:58:14.555 +07:00 [INF] Route matched with {action = "GetAll", controller = "Produk"}. Executing controller action with signature System.Threading.Tasks.Task`1[Microsoft.AspNetCore.Mvc.IActionResult] GetAll(TokoApi.Helpers.ProdukQuery) on controller TokoApi.Controllers.ProdukController (TokoApi).
2026-05-21 23:58:14.556 +07:00 [INF] Route matched with {action = "GetKasbon", controller = "Transaksi"}. Executing controller action with signature System.Threading.Tasks.Task`1[Microsoft.AspNetCore.Mvc.IActionResult] GetKasbon() on controller TokoApi.Controllers.TransaksiController (TokoApi).
2026-05-21 23:58:14.557 +07:00 [INF] Route matched with {action = "GetAll", controller = "Kategori"}. Executing controller action with signature System.Threading.Tasks.Task`1[Microsoft.AspNetCore.Mvc.IActionResult] GetAll() on controller TokoApi.Controllers.KategoriController (TokoApi).
2026-05-21 23:58:14.580 +07:00 [INF] Executed DbCommand (16ms) [Parameters=[], CommandType='"Text"', CommandTimeout='30']
SELECT `d`.`Id`, `d`.`JumlahDibayar`, `d`.`Pembeli`, `d`.`StatusPembayaran`, `d`.`TanggalTransaksi`, `d`.`TotalHarga`, `t`.`Id`, `t`.`HargaSatuan`, `t`.`JumlahBeli`, `t`.`ProdukId`, `t`.`SubTotal`, `t`.`TransaksiId`, `t`.`Id0`, `t`.`ExpiryDate`, `t`.`Harga`, `t`.`IsHalal`, `t`.`KategoriId`, `t`.`Nama`, `t`.`Stok`
FROM `DaftarTransaksi` AS `d`
LEFT JOIN (
    SELECT `d0`.`Id`, `d0`.`HargaSatuan`, `d0`.`JumlahBeli`, `d0`.`ProdukId`, `d0`.`SubTotal`, `d0`.`TransaksiId`, `d1`.`Id` AS `Id0`, `d1`.`ExpiryDate`, `d1`.`Harga`, `d1`.`IsHalal`, `d1`.`KategoriId`, `d1`.`Nama`, `d1`.`Stok`
    FROM `DaftarDetailTransaksi` AS `d0`
    INNER JOIN `DaftarProduk` AS `d1` ON `d0`.`ProdukId` = `d1`.`Id`
) AS `t` ON `d`.`Id` = `t`.`TransaksiId`
WHERE `d`.`StatusPembayaran` = 'Kasbon'
ORDER BY `d`.`TanggalTransaksi` DESC, `d`.`Id`, `t`.`Id`
2026-05-21 23:58:14.580 +07:00 [INF] Executed DbCommand (16ms) [Parameters=[], CommandType='"Text"', CommandTimeout='30']
SELECT `d`.`Id`, `d`.`NamaKategori`, `d0`.`Id`, `d0`.`ExpiryDate`, `d0`.`Harga`, `d0`.`IsHalal`, `d0`.`KategoriId`, `d0`.`Nama`, `d0`.`Stok`
FROM `DaftarKategori` AS `d`
LEFT JOIN `DaftarProduk` AS `d0` ON `d`.`Id` = `d0`.`KategoriId`
ORDER BY `d`.`Id`
2026-05-21 23:58:14.580 +07:00 [INF] Executed DbCommand (16ms) [Parameters=[@__p_1='?' (DbType = Int32), @__p_0='?' (DbType = Int32)], CommandType='"Text"', CommandTimeout='30']
SELECT `t`.`Id`, `t`.`ExpiryDate`, `t`.`Harga`, `t`.`IsHalal`, `t`.`KategoriId`, `t`.`Nama`, `t`.`Stok`, `d0`.`Id`, `d0`.`NamaKategori`
FROM (
    SELECT `d`.`Id`, `d`.`ExpiryDate`, `d`.`Harga`, `d`.`IsHalal`, `d`.`KategoriId`, `d`.`Nama`, `d`.`Stok`
    FROM `DaftarProduk` AS `d`
    ORDER BY `d`.`Nama`
    LIMIT @__p_1 OFFSET @__p_0
) AS `t`
INNER JOIN `DaftarKategori` AS `d0` ON `t`.`KategoriId` = `d0`.`Id`
ORDER BY `t`.`Nama`
2026-05-21 23:58:14.582 +07:00 [INF] Executing OkObjectResult, writing value of type 'System.Collections.Generic.List`1[[TokoApi.DTOs.TransaksiResponse, TokoApi, Version=1.0.0.0, Culture=neutral, PublicKeyToken=null]]'.
2026-05-21 23:58:14.584 +07:00 [INF] Executing OkObjectResult, writing value of type 'System.Collections.Generic.List`1[[TokoApi.DTOs.KategoriResponse, TokoApi, Version=1.0.0.0, Culture=neutral, PublicKeyToken=null]]'.
2026-05-21 23:58:14.587 +07:00 [INF] Executed action TokoApi.Controllers.TransaksiController.GetKasbon (TokoApi) in 25.9919ms
2026-05-21 23:58:14.588 +07:00 [INF] Executed DbCommand (0ms) [Parameters=[], CommandType='"Text"', CommandTimeout='30']
SELECT COUNT(*)
FROM `DaftarProduk` AS `d`
2026-05-21 23:58:14.588 +07:00 [INF] Executed action TokoApi.Controllers.KategoriController.GetAll (TokoApi) in 25.566ms
2026-05-21 23:58:14.589 +07:00 [INF] Executed endpoint 'TokoApi.Controllers.TransaksiController.GetKasbon (TokoApi)'
2026-05-21 23:58:14.591 +07:00 [INF] Executing OkObjectResult, writing value of type 'System.Collections.Generic.List`1[[TokoApi.DTOs.ProdukResponse, TokoApi, Version=1.0.0.0, Culture=neutral, PublicKeyToken=null]]'.
2026-05-21 23:58:14.592 +07:00 [INF] Executed endpoint 'TokoApi.Controllers.KategoriController.GetAll (TokoApi)'
2026-05-21 23:58:14.593 +07:00 [INF] HTTP GET /api/transaksi/kasbon responded 200 in 40.3576 ms
2026-05-21 23:58:14.594 +07:00 [INF] Executed action TokoApi.Controllers.ProdukController.GetAll (TokoApi) in 35.5373ms
2026-05-21 23:58:14.594 +07:00 [INF] HTTP GET /api/kategori responded 200 in 41.4053 ms
2026-05-21 23:58:14.596 +07:00 [INF] Request finished HTTP/1.1 GET http://localhost:5174/api/transaksi/kasbon - 200 null application/json; charset=utf-8 57.0247ms
2026-05-21 23:58:14.597 +07:00 [INF] Executed endpoint 'TokoApi.Controllers.ProdukController.GetAll (TokoApi)'
2026-05-21 23:58:14.598 +07:00 [INF] Request finished HTTP/1.1 GET http://localhost:5174/api/kategori - 200 null application/json; charset=utf-8 53.5081ms
2026-05-21 23:58:14.602 +07:00 [INF] HTTP GET /api/produk responded 200 in 50.1257 ms
2026-05-21 23:58:14.605 +07:00 [INF] Request finished HTTP/1.1 GET http://localhost:5174/api/produk?pageNumber=1&pageSize=100 - 200 null application/json; charset=utf-8 68.4672ms
